{"/home/runner/work/go-gomoku/go-gomoku/src/App.vue": {"path":"/home/runner/work/go-gomoku/go-gomoku/src/App.vue","statementMap":{"0":{"start":{"line":27,"column":2},"end":{"line":28,"column":13}},"1":{"start":{"line":31,"column":2},"end":{"line":31,"column":null}},"2":{"start":{"line":32,"column":2},"end":{"line":32,"column":null}},"3":{"start":{"line":36,"column":2},"end":{"line":36,"column":null}},"4":{"start":{"line":37,"column":2},"end":{"line":37,"column":null}},"5":{"start":{"line":41,"column":2},"end":{"line":41,"column":null}},"6":{"start":{"line":45,"column":2},"end":{"line":47,"column":null}},"7":{"start":{"line":46,"column":4},"end":{"line":46,"column":null}},"8":{"start":{"line":68,"column":7},"end":{"line":68,"column":18}},"9":{"start":{"line":61,"column":30},"end":{"line":61,"column":null}},"10":{"start":{"line":62,"column":30},"end":{"line":62,"column":null}}},"fnMap":{"0":{"name":"onUpdateBlackIsAI","decl":{"start":{"line":30,"column":9},"end":{"line":30,"column":27}},"loc":{"start":{"line":30,"column":49},"end":{"line":32,"column":null}},"line":30},"1":{"name":"onUpdateWhiteIsAI","decl":{"start":{"line":35,"column":9},"end":{"line":35,"column":27}},"loc":{"start":{"line":35,"column":49},"end":{"line":37,"column":null}},"line":35},"2":{"name":"onUpdateBoardSize","decl":{"start":{"line":40,"column":9},"end":{"line":40,"column":27}},"loc":{"start":{"line":40,"column":55},"end":{"line":41,"column":null}},"line":40},"3":{"name":"onCopyUrl","decl":{"start":{"line":44,"column":9},"end":{"line":44,"column":27}},"loc":{"start":{"line":44,"column":27},"end":{"line":47,"column":null}},"line":44},"4":{"name":"(anonymous_4)","decl":{"start":{"line":45,"column":47},"end":{"line":45,"column":59}},"loc":{"start":{"line":45,"column":59},"end":{"line":47,"column":null}},"line":45},"5":{"name":"(anonymous_5)","decl":{"start":{"line":61,"column":28},"end":{"line":61,"column":30}},"loc":{"start":{"line":61,"column":30},"end":{"line":61,"column":null}},"line":61},"6":{"name":"(anonymous_6)","decl":{"start":{"line":62,"column":28},"end":{"line":62,"column":30}},"loc":{"start":{"line":62,"column":30},"end":{"line":62,"column":null}},"line":62}},"branchMap":{"0":{"loc":{"start":{"line":61,"column":28},"end":{"line":61,"column":null}},"type":"binary-expr","locations":[{"start":{"line":61,"column":28},"end":{"line":61,"column":30}},{"start":{"line":61,"column":28},"end":{"line":61,"column":null}}],"line":61},"1":{"loc":{"start":{"line":62,"column":28},"end":{"line":62,"column":null}},"type":"binary-expr","locations":[{"start":{"line":62,"column":28},"end":{"line":62,"column":30}},{"start":{"line":62,"column":28},"end":{"line":62,"column":null}}],"line":62},"2":{"loc":{"start":{"line":87,"column":2},"end":{"line":88,"column":null}},"type":"binary-expr","locations":[{"start":{"line":87,"column":2},"end":{"line":87,"column":7}},{"start":{"line":87,"column":2},"end":{"line":88,"column":null}}],"line":87}},"s":{"0":9,"1":1,"2":1,"3":1,"4":1,"5":1,"6":2,"7":1,"8":1,"9":1,"10":1},"f":{"0":1,"1":1,"2":1,"3":2,"4":1,"5":1,"6":1},"b":{"0":[13,9],"1":[13,9],"2":[13,9]},"meta":{"lastBranch":3,"lastFunction":7,"lastStatement":11,"seen":{"s:27:2:28:13":0,"f:30:9:30:27":0,"s:31:2:31:Infinity":1,"s:32:2:32:Infinity":2,"f:35:9:35:27":1,"s:36:2:36:Infinity":3,"s:37:2:37:Infinity":4,"f:40:9:40:27":2,"s:41:2:41:Infinity":5,"f:44:9:44:27":3,"s:45:2:47:Infinity":6,"f:45:47:45:59":4,"s:46:4:46:Infinity":7,"s:68:7:68:18":8,"b:61:28:61:30:61:28:61:Infinity":0,"f:61:28:61:30":5,"s:61:30:61:Infinity":9,"b:62:28:62:30:62:28:62:Infinity":1,"f:62:28:62:30":6,"s:62:30:62:Infinity":10,"b:87:2:87:7:87:2:88:Infinity":2}}}
,"/home/runner/work/go-gomoku/go-gomoku/src/main.ts": {"path":"/home/runner/work/go-gomoku/go-gomoku/src/main.ts","statementMap":{"0":{"start":{"line":4,"column":0},"end":{"line":4,"column":null}}},"fnMap":{},"branchMap":{},"s":{"0":1},"f":{},"b":{},"meta":{"lastBranch":0,"lastFunction":0,"lastStatement":1,"seen":{"s:4:0:4:Infinity":0}}}
,"/home/runner/work/go-gomoku/go-gomoku/src/components/BoardGrid.vue": {"path":"/home/runner/work/go-gomoku/go-gomoku/src/components/BoardGrid.vue","statementMap":{"0":{"start":{"line":5,"column":14},"end":{"line":5,"column":null}},"1":{"start":{"line":11,"column":13},"end":{"line":11,"column":null}},"2":{"start":{"line":15,"column":6},"end":{"line":34,"column":null}},"3":{"start":{"line":16,"column":85},"end":{"line":16,"column":87}},"4":{"start":{"line":17,"column":2},"end":{"line":30,"column":null}},"5":{"start":{"line":17,"column":15},"end":{"line":17,"column":18}},"6":{"start":{"line":18,"column":4},"end":{"line":30,"column":null}},"7":{"start":{"line":18,"column":17},"end":{"line":18,"column":20}},"8":{"start":{"line":19,"column":20},"end":{"line":19,"column":null}},"9":{"start":{"line":20,"column":20},"end":{"line":20,"column":null}},"10":{"start":{"line":21,"column":18},"end":{"line":21,"column":null}},"11":{"start":{"line":22,"column":22},"end":{"line":22,"column":null}},"12":{"start":{"line":23,"column":6},"end":{"line":28,"column":null}},"13":{"start":{"line":24,"column":8},"end":{"line":24,"column":null}},"14":{"start":{"line":25,"column":8},"end":{"line":25,"column":null}},"15":{"start":{"line":26,"column":17},"end":{"line":28,"column":null}},"16":{"start":{"line":27,"column":8},"end":{"line":27,"column":null}},"17":{"start":{"line":28,"column":8},"end":{"line":28,"column":null}},"18":{"start":{"line":30,"column":6},"end":{"line":30,"column":null}},"19":{"start":{"line":33,"column":2},"end":{"line":33,"column":null}},"20":{"start":{"line":38,"column":2},"end":{"line":51,"column":null}},"21":{"start":{"line":43,"column":4},"end":{"line":51,"column":null}},"22":{"start":{"line":49,"column":14},"end":{"line":49,"column":null}}},"fnMap":{"0":{"name":"(anonymous_0)","decl":{"start":{"line":15,"column":14},"end":{"line":15,"column":29}},"loc":{"start":{"line":15,"column":29},"end":{"line":34,"column":null}},"line":15},"1":{"name":"(anonymous_1)","decl":{"start":{"line":44,"column":21},"end":{"line":44,"column":null}},"loc":{"start":{"line":44,"column":17},"end":{"line":51,"column":null}},"line":44},"2":{"name":"(anonymous_2)","decl":{"start":{"line":49,"column":7},"end":{"line":49,"column":12}},"loc":{"start":{"line":49,"column":14},"end":{"line":49,"column":null}},"line":49}},"branchMap":{"0":{"loc":{"start":{"line":23,"column":6},"end":{"line":28,"column":null}},"type":"if","locations":[{"start":{"line":23,"column":6},"end":{"line":28,"column":null}},{"start":{"line":26,"column":17},"end":{"line":28,"column":null}}],"line":23},"1":{"loc":{"start":{"line":26,"column":17},"end":{"line":28,"column":null}},"type":"if","locations":[{"start":{"line":26,"column":17},"end":{"line":28,"column":null}},{"start":{},"end":{}}],"line":26},"2":{"loc":{"start":{"line":48,"column":17},"end":{"line":48,"column":null}},"type":"binary-expr","locations":[{"start":{"line":48,"column":17},"end":{"line":48,"column":35}},{"start":{"line":48,"column":35},"end":{"line":48,"column":null}}],"line":48}},"s":{"0":16,"1":16,"2":16,"3":16,"4":16,"5":16,"6":144,"7":144,"8":1296,"9":1296,"10":1296,"11":1296,"12":1296,"13":2,"14":2,"15":1294,"16":1,"17":1,"18":1296,"19":16,"20":16,"21":1296,"22":1},"f":{"0":16,"1":1296,"2":1},"b":{"0":[2,1294],"1":[1,1293],"2":[1296,1215]},"meta":{"lastBranch":3,"lastFunction":3,"lastStatement":23,"seen":{"s:5:14:5:Infinity":0,"s:11:13:11:Infinity":1,"s:15:6:34:Infinity":2,"f:15:14:15:29":0,"s:16:85:16:87":3,"s:17:2:30:Infinity":4,"s:17:15:17:18":5,"s:18:4:30:Infinity":6,"s:18:17:18:20":7,"s:19:20:19:Infinity":8,"s:20:20:20:Infinity":9,"s:21:18:21:Infinity":10,"s:22:22:22:Infinity":11,"b:23:6:28:Infinity:26:17:28:Infinity":0,"s:23:6:28:Infinity":12,"s:24:8:24:Infinity":13,"s:25:8:25:Infinity":14,"b:26:17:28:Infinity:undefined:undefined:undefined:undefined":1,"s:26:17:28:Infinity":15,"s:27:8:27:Infinity":16,"s:28:8:28:Infinity":17,"s:30:6:30:Infinity":18,"s:33:2:33:Infinity":19,"s:38:2:51:Infinity":20,"f:44:21:44:Infinity":1,"s:43:4:51:Infinity":21,"b:48:17:48:35:48:35:48:Infinity":2,"f:49:7:49:12":2,"s:49:14:49:Infinity":22}}}
,"/home/runner/work/go-gomoku/go-gomoku/src/components/GameRecord.vue": {"path":"/home/runner/work/go-gomoku/go-gomoku/src/components/GameRecord.vue","statementMap":{"0":{"start":{"line":2,"column":14},"end":{"line":2,"column":null}},"1":{"start":{"line":6,"column":13},"end":{"line":6,"column":null}},"2":{"start":{"line":12,"column":7},"end":{"line":12,"column":34}},"3":{"start":{"line":14,"column":9},"end":{"line":14,"column":32}},"4":{"start":{"line":12,"column":2},"end":{"line":22,"column":70}},"5":{"start":{"line":22,"column":36},"end":{"line":22,"column":53}}},"fnMap":{"0":{"name":"(anonymous_0)","decl":{"start":{"line":22,"column":34},"end":{"line":22,"column":36}},"loc":{"start":{"line":22,"column":36},"end":{"line":22,"column":53}},"line":22}},"branchMap":{"0":{"loc":{"start":{"line":24,"column":8},"end":{"line":14,"column":9}},"type":"binary-expr","locations":[{"start":{"line":24,"column":8},"end":{"line":24,"column":null}},{"start":{"line":24,"column":8},"end":{"line":14,"column":9}}],"line":24},"1":{"loc":{"start":{"line":22,"column":34},"end":{"line":22,"column":53}},"type":"binary-expr","locations":[{"start":{"line":22,"column":34},"end":{"line":22,"column":36}},{"start":{"line":22,"column":34},"end":{"line":22,"column":53}}],"line":22}},"s":{"0":13,"1":13,"2":2,"3":2,"4":13,"5":1},"f":{"0":1},"b":{"0":[13,13],"1":[13,13]},"meta":{"lastBranch":2,"lastFunction":1,"lastStatement":6,"seen":{"s:2:14:2:Infinity":0,"s:6:13:6:Infinity":1,"s:12:7:12:34":2,"s:14:9:14:32":3,"s:12:2:22:70":4,"b:24:8:24:Infinity:24:8:14:9":0,"b:22:34:22:36:22:34:22:53":1,"f:22:34:22:36":0,"s:22:36:22:53":5}}}
,"/home/runner/work/go-gomoku/go-gomoku/src/components/GameToolbar.vue": {"path":"/home/runner/work/go-gomoku/go-gomoku/src/components/GameToolbar.vue","statementMap":{"0":{"start":{"line":4,"column":14},"end":{"line":4,"column":null}},"1":{"start":{"line":13,"column":13},"end":{"line":13,"column":null}},"2":{"start":{"line":24,"column":17},"end":{"line":24,"column":null}},"3":{"start":{"line":25,"column":2},"end":{"line":25,"column":null}},"4":{"start":{"line":29,"column":17},"end":{"line":29,"column":null}},"5":{"start":{"line":30,"column":2},"end":{"line":30,"column":null}},"6":{"start":{"line":34,"column":17},"end":{"line":34,"column":null}},"7":{"start":{"line":35,"column":2},"end":{"line":35,"column":null}},"8":{"start":{"line":39,"column":17},"end":{"line":39,"column":null}},"9":{"start":{"line":40,"column":2},"end":{"line":40,"column":null}},"10":{"start":{"line":44,"column":17},"end":{"line":44,"column":null}},"11":{"start":{"line":45,"column":2},"end":{"line":45,"column":null}},"12":{"start":{"line":50,"column":7},"end":{"line":50,"column":22}},"13":{"start":{"line":51,"column":14},"end":{"line":51,"column":37}},"14":{"start":{"line":85,"column":14},"end":{"line":85,"column":37}},"15":{"start":{"line":50,"column":2},"end":{"line":129,"column":61}},"16":{"start":{"line":128,"column":34},"end":{"line":128,"column":51}},"17":{"start":{"line":129,"column":34},"end":{"line":129,"column":48}}},"fnMap":{"0":{"name":"onBlackModeChange","decl":{"start":{"line":23,"column":9},"end":{"line":23,"column":27}},"loc":{"start":{"line":23,"column":47},"end":{"line":25,"column":null}},"line":23},"1":{"name":"onWhiteModeChange","decl":{"start":{"line":28,"column":9},"end":{"line":28,"column":27}},"loc":{"start":{"line":28,"column":47},"end":{"line":30,"column":null}},"line":28},"2":{"name":"onBlackTimeLimitChange","decl":{"start":{"line":33,"column":9},"end":{"line":33,"column":32}},"loc":{"start":{"line":33,"column":52},"end":{"line":35,"column":null}},"line":33},"3":{"name":"onWhiteTimeLimitChange","decl":{"start":{"line":38,"column":9},"end":{"line":38,"column":32}},"loc":{"start":{"line":38,"column":52},"end":{"line":40,"column":null}},"line":38},"4":{"name":"onBoardSizeChange","decl":{"start":{"line":43,"column":9},"end":{"line":43,"column":27}},"loc":{"start":{"line":43,"column":47},"end":{"line":45,"column":null}},"line":43},"5":{"name":"(anonymous_5)","decl":{"start":{"line":128,"column":32},"end":{"line":128,"column":34}},"loc":{"start":{"line":128,"column":34},"end":{"line":128,"column":51}},"line":128},"6":{"name":"(anonymous_6)","decl":{"start":{"line":129,"column":32},"end":{"line":129,"column":34}},"loc":{"start":{"line":129,"column":34},"end":{"line":129,"column":48}},"line":129}},"branchMap":{"0":{"loc":{"start":{"line":35,"column":44},"end":{"line":35,"column":71}},"type":"binary-expr","locations":[{"start":{"line":35,"column":44},"end":{"line":35,"column":64}},{"start":{"line":35,"column":68},"end":{"line":35,"column":71}}],"line":35},"1":{"loc":{"start":{"line":40,"column":44},"end":{"line":40,"column":71}},"type":"binary-expr","locations":[{"start":{"line":40,"column":44},"end":{"line":40,"column":64}},{"start":{"line":40,"column":68},"end":{"line":40,"column":71}}],"line":40},"2":{"loc":{"start":{"line":52,"column":6},"end":{"line":52,"column":30}},"type":"binary-expr","locations":[{"start":{"line":52,"column":6},"end":{"line":52,"column":14}},{"start":{"line":52,"column":6},"end":{"line":52,"column":30}}],"line":52},"3":{"loc":{"start":{"line":82,"column":14},"end":{"line":75,"column":null}},"type":"binary-expr","locations":[{"start":{"line":82,"column":14},"end":{"line":82,"column":null}},{"start":{"line":82,"column":14},"end":{"line":75,"column":null}}],"line":82},"4":{"loc":{"start":{"line":86,"column":6},"end":{"line":86,"column":30}},"type":"binary-expr","locations":[{"start":{"line":86,"column":6},"end":{"line":86,"column":14}},{"start":{"line":86,"column":6},"end":{"line":86,"column":30}}],"line":86},"5":{"loc":{"start":{"line":116,"column":14},"end":{"line":109,"column":null}},"type":"binary-expr","locations":[{"start":{"line":116,"column":14},"end":{"line":116,"column":null}},{"start":{"line":116,"column":14},"end":{"line":109,"column":null}}],"line":116},"6":{"loc":{"start":{"line":126,"column":12},"end":{"line":121,"column":15}},"type":"binary-expr","locations":[{"start":{"line":126,"column":12},"end":{"line":126,"column":null}},{"start":{"line":126,"column":12},"end":{"line":121,"column":15}}],"line":126},"7":{"loc":{"start":{"line":128,"column":32},"end":{"line":128,"column":51}},"type":"binary-expr","locations":[{"start":{"line":128,"column":32},"end":{"line":128,"column":34}},{"start":{"line":128,"column":32},"end":{"line":128,"column":51}}],"line":128},"8":{"loc":{"start":{"line":129,"column":32},"end":{"line":129,"column":48}},"type":"binary-expr","locations":[{"start":{"line":129,"column":32},"end":{"line":129,"column":34}},{"start":{"line":129,"column":32},"end":{"line":129,"column":48}}],"line":129}},"s":{"0":24,"1":24,"2":2,"3":2,"4":2,"5":2,"6":4,"7":4,"8":4,"9":4,"10":1,"11":1,"12":2,"13":2,"14":2,"15":28,"16":1,"17":1},"f":{"0":2,"1":2,"2":4,"3":4,"4":1,"5":1,"6":1},"b":{"0":[4,2],"1":[4,2],"2":[28,24],"3":[28,24],"4":[28,24],"5":[28,24],"6":[28,24],"7":[28,24],"8":[28,24]},"meta":{"lastBranch":9,"lastFunction":7,"lastStatement":18,"seen":{"s:4:14:4:Infinity":0,"s:13:13:13:Infinity":1,"f:23:9:23:27":0,"s:24:17:24:Infinity":2,"s:25:2:25:Infinity":3,"f:28:9:28:27":1,"s:29:17:29:Infinity":4,"s:30:2:30:Infinity":5,"f:33:9:33:32":2,"s:34:17:34:Infinity":6,"s:35:2:35:Infinity":7,"b:35:44:35:64:35:68:35:71":0,"f:38:9:38:32":3,"s:39:17:39:Infinity":8,"s:40:2:40:Infinity":9,"b:40:44:40:64:40:68:40:71":1,"f:43:9:43:27":4,"s:44:17:44:Infinity":10,"s:45:2:45:Infinity":11,"s:50:7:50:22":12,"s:51:14:51:37":13,"s:85:14:85:37":14,"s:50:2:129:61":15,"b:52:6:52:14:52:6:52:30":2,"b:82:14:82:Infinity:82:14:75:Infinity":3,"b:86:6:86:14:86:6:86:30":4,"b:116:14:116:Infinity:116:14:109:Infinity":5,"b:126:12:126:Infinity:126:12:121:15":6,"b:128:32:128:34:128:32:128:51":7,"f:128:32:128:34":5,"s:128:34:128:51":16,"b:129:32:129:34:129:32:129:48":8,"f:129:32:129:34":6,"s:129:34:129:48":17}}}
,"/home/runner/work/go-gomoku/go-gomoku/src/components/LoadGame.vue": {"path":"/home/runner/work/go-gomoku/go-gomoku/src/components/LoadGame.vue","statementMap":{"0":{"start":{"line":4,"column":14},"end":{"line":4,"column":null}},"1":{"start":{"line":8,"column":13},"end":{"line":8,"column":null}},"2":{"start":{"line":12,"column":6},"end":{"line":12,"column":25}},"3":{"start":{"line":15,"column":2},"end":{"line":15,"column":null}},"4":{"start":{"line":20,"column":7},"end":{"line":20,"column":27}},"5":{"start":{"line":28,"column":9},"end":{"line":28,"column":25}},"6":{"start":{"line":30,"column":12},"end":{"line":30,"column":27}},"7":{"start":{"line":20,"column":2},"end":{"line":30,"column":52}},"8":{"start":{"line":24,"column":15},"end":{"line":24,"column":null}}},"fnMap":{"0":{"name":"onLoad","decl":{"start":{"line":14,"column":9},"end":{"line":14,"column":24}},"loc":{"start":{"line":14,"column":24},"end":{"line":15,"column":null}},"line":14},"1":{"name":"(anonymous_1)","decl":{"start":{"line":24,"column":15},"end":{"line":24,"column":24}},"loc":{"start":{"line":24,"column":15},"end":{"line":24,"column":null}},"line":24}},"branchMap":{"0":{"loc":{"start":{"line":21,"column":4},"end":{"line":21,"column":54}},"type":"binary-expr","locations":[{"start":{"line":21,"column":4},"end":{"line":21,"column":11}},{"start":{"line":21,"column":4},"end":{"line":21,"column":54}}],"line":21},"1":{"loc":{"start":{"line":24,"column":15},"end":{"line":24,"column":null}},"type":"binary-expr","locations":[{"start":{"line":24,"column":15},"end":{"line":24,"column":24}},{"start":{"line":24,"column":15},"end":{"line":24,"column":null}}],"line":24}},"s":{"0":14,"1":14,"2":14,"3":1,"4":2,"5":2,"6":2,"7":15,"8":1},"f":{"0":1,"1":1},"b":{"0":[15,14],"1":[15,14]},"meta":{"lastBranch":2,"lastFunction":2,"lastStatement":9,"seen":{"s:4:14:4:Infinity":0,"s:8:13:8:Infinity":1,"s:12:6:12:25":2,"f:14:9:14:24":0,"s:15:2:15:Infinity":3,"s:20:7:20:27":4,"s:28:9:28:25":5,"s:30:12:30:27":6,"s:20:2:30:52":7,"b:21:4:21:11:21:4:21:54":0,"b:24:15:24:24:24:15:24:Infinity":1,"f:24:15:24:24":1,"s:24:15:24:Infinity":8}}}
,"/home/runner/work/go-gomoku/go-gomoku/src/composables/useGame.ts": {"path":"/home/runner/work/go-gomoku/go-gomoku/src/composables/useGame.ts","statementMap":{"0":{"start":{"line":21,"column":26},"end":{"line":21,"column":null}},"1":{"start":{"line":21,"column":60},"end":{"line":21,"column":null}},"2":{"start":{"line":22,"column":26},"end":{"line":23,"column":null}},"3":{"start":{"line":23,"column":4},"end":{"line":23,"column":null}},"4":{"start":{"line":26,"column":8},"end":{"line":26,"column":36}},"5":{"start":{"line":27,"column":8},"end":{"line":27,"column":46}},"6":{"start":{"line":28,"column":8},"end":{"line":28,"column":30}},"7":{"start":{"line":29,"column":8},"end":{"line":29,"column":29}},"8":{"start":{"line":30,"column":8},"end":{"line":30,"column":32}},"9":{"start":{"line":31,"column":8},"end":{"line":31,"column":32}},"10":{"start":{"line":32,"column":8},"end":{"line":32,"column":31}},"11":{"start":{"line":33,"column":8},"end":{"line":33,"column":29}},"12":{"start":{"line":34,"column":8},"end":{"line":34,"column":27}},"13":{"start":{"line":36,"column":30},"end":{"line":36,"column":null}},"14":{"start":{"line":37,"column":22},"end":{"line":37,"column":null}},"15":{"start":{"line":40,"column":4},"end":{"line":44,"column":null}},"16":{"start":{"line":41,"column":6},"end":{"line":43,"column":null}},"17":{"start":{"line":44,"column":6},"end":{"line":44,"column":null}},"18":{"start":{"line":46,"column":4},"end":{"line":46,"column":null}},"19":{"start":{"line":50,"column":4},"end":{"line":52,"column":null}},"20":{"start":{"line":51,"column":6},"end":{"line":51,"column":null}},"21":{"start":{"line":52,"column":6},"end":{"line":52,"column":null}},"22":{"start":{"line":56,"column":2},"end":{"line":58,"column":null}},"23":{"start":{"line":57,"column":4},"end":{"line":57,"column":null}},"24":{"start":{"line":61,"column":4},"end":{"line":61,"column":null}},"25":{"start":{"line":65,"column":14},"end":{"line":65,"column":null}},"26":{"start":{"line":66,"column":4},"end":{"line":66,"column":null}},"27":{"start":{"line":66,"column":52},"end":{"line":66,"column":null}},"28":{"start":{"line":67,"column":4},"end":{"line":67,"column":null}},"29":{"start":{"line":71,"column":17},"end":{"line":71,"column":null}},"30":{"start":{"line":72,"column":4},"end":{"line":72,"column":null}},"31":{"start":{"line":75,"column":8},"end":{"line":86,"column":null}},"32":{"start":{"line":76,"column":14},"end":{"line":76,"column":null}},"33":{"start":{"line":77,"column":18},"end":{"line":77,"column":null}},"34":{"start":{"line":78,"column":19},"end":{"line":78,"column":null}},"35":{"start":{"line":79,"column":4},"end":{"line":80,"column":null}},"36":{"start":{"line":80,"column":6},"end":{"line":80,"column":null}},"37":{"start":{"line":82,"column":4},"end":{"line":83,"column":null}},"38":{"start":{"line":83,"column":6},"end":{"line":83,"column":null}},"39":{"start":{"line":85,"column":4},"end":{"line":85,"column":null}},"40":{"start":{"line":88,"column":8},"end":{"line":90,"column":null}},"41":{"start":{"line":89,"column":4},"end":{"line":89,"column":null}},"42":{"start":{"line":92,"column":8},"end":{"line":95,"column":null}},"43":{"start":{"line":93,"column":17},"end":{"line":93,"column":null}},"44":{"start":{"line":94,"column":4},"end":{"line":94,"column":null}},"45":{"start":{"line":98,"column":4},"end":{"line":98,"column":null}},"46":{"start":{"line":102,"column":4},"end":{"line":106,"column":null}},"47":{"start":{"line":110,"column":4},"end":{"line":111,"column":null}},"48":{"start":{"line":111,"column":6},"end":{"line":111,"column":null}},"49":{"start":{"line":113,"column":4},"end":{"line":113,"column":null}},"50":{"start":{"line":114,"column":4},"end":{"line":114,"column":null}},"51":{"start":{"line":115,"column":4},"end":{"line":115,"column":null}},"52":{"start":{"line":116,"column":26},"end":{"line":116,"column":null}},"53":{"start":{"line":117,"column":14},"end":{"line":117,"column":null}},"54":{"start":{"line":118,"column":19},"end":{"line":118,"column":33}},"55":{"start":{"line":119,"column":22},"end":{"line":119,"column":null}},"56":{"start":{"line":120,"column":31},"end":{"line":126,"column":null}},"57":{"start":{"line":127,"column":14},"end":{"line":127,"column":25}},"58":{"start":{"line":128,"column":4},"end":{"line":128,"column":null}},"59":{"start":{"line":130,"column":5},"end":{"line":130,"column":null}},"60":{"start":{"line":134,"column":14},"end":{"line":134,"column":null}},"61":{"start":{"line":135,"column":4},"end":{"line":135,"column":null}},"62":{"start":{"line":135,"column":20},"end":{"line":135,"column":null}},"63":{"start":{"line":136,"column":23},"end":{"line":136,"column":null}},"64":{"start":{"line":137,"column":4},"end":{"line":137,"column":null}},"65":{"start":{"line":137,"column":37},"end":{"line":137,"column":null}},"66":{"start":{"line":138,"column":19},"end":{"line":138,"column":null}},"67":{"start":{"line":139,"column":4},"end":{"line":140,"column":null}},"68":{"start":{"line":140,"column":6},"end":{"line":140,"column":null}},"69":{"start":{"line":142,"column":4},"end":{"line":142,"column":null}},"70":{"start":{"line":143,"column":4},"end":{"line":143,"column":null}},"71":{"start":{"line":144,"column":4},"end":{"line":144,"column":null}},"72":{"start":{"line":145,"column":4},"end":{"line":145,"column":null}},"73":{"start":{"line":146,"column":4},"end":{"line":146,"column":null}},"74":{"start":{"line":150,"column":4},"end":{"line":150,"column":null}},"75":{"start":{"line":154,"column":4},"end":{"line":154,"column":null}},"76":{"start":{"line":155,"column":4},"end":{"line":155,"column":null}},"77":{"start":{"line":156,"column":4},"end":{"line":156,"column":null}},"78":{"start":{"line":157,"column":4},"end":{"line":157,"column":null}},"79":{"start":{"line":158,"column":4},"end":{"line":158,"column":null}},"80":{"start":{"line":159,"column":4},"end":{"line":159,"column":null}},"81":{"start":{"line":160,"column":4},"end":{"line":160,"column":null}},"82":{"start":{"line":164,"column":4},"end":{"line":164,"column":null}},"83":{"start":{"line":164,"column":26},"end":{"line":164,"column":null}},"84":{"start":{"line":165,"column":14},"end":{"line":165,"column":null}},"85":{"start":{"line":166,"column":4},"end":{"line":166,"column":null}},"86":{"start":{"line":166,"column":21},"end":{"line":166,"column":null}},"87":{"start":{"line":167,"column":4},"end":{"line":167,"column":null}},"88":{"start":{"line":168,"column":27},"end":{"line":168,"column":null}},"89":{"start":{"line":169,"column":4},"end":{"line":170,"column":null}},"90":{"start":{"line":170,"column":6},"end":{"line":170,"column":null}},"91":{"start":{"line":172,"column":4},"end":{"line":172,"column":null}},"92":{"start":{"line":173,"column":4},"end":{"line":173,"column":null}},"93":{"start":{"line":174,"column":4},"end":{"line":174,"column":null}},"94":{"start":{"line":175,"column":4},"end":{"line":175,"column":null}},"95":{"start":{"line":179,"column":4},"end":{"line":180,"column":null}},"96":{"start":{"line":180,"column":6},"end":{"line":180,"column":null}},"97":{"start":{"line":182,"column":4},"end":{"line":185,"column":null}},"98":{"start":{"line":183,"column":6},"end":{"line":183,"column":null}},"99":{"start":{"line":184,"column":6},"end":{"line":184,"column":null}},"100":{"start":{"line":185,"column":6},"end":{"line":185,"column":null}},"101":{"start":{"line":187,"column":4},"end":{"line":187,"column":null}},"102":{"start":{"line":188,"column":4},"end":{"line":188,"column":null}},"103":{"start":{"line":189,"column":4},"end":{"line":189,"column":null}},"104":{"start":{"line":190,"column":4},"end":{"line":190,"column":null}},"105":{"start":{"line":194,"column":4},"end":{"line":194,"column":null}},"106":{"start":{"line":195,"column":20},"end":{"line":195,"column":31}},"107":{"start":{"line":196,"column":4},"end":{"line":196,"column":null}},"108":{"start":{"line":196,"column":18},"end":{"line":196,"column":null}},"109":{"start":{"line":197,"column":4},"end":{"line":210,"column":null}},"110":{"start":{"line":198,"column":12},"end":{"line":198,"column":40}},"111":{"start":{"line":199,"column":6},"end":{"line":199,"column":null}},"112":{"start":{"line":200,"column":6},"end":{"line":200,"column":null}},"113":{"start":{"line":201,"column":6},"end":{"line":201,"column":null}},"114":{"start":{"line":202,"column":6},"end":{"line":202,"column":null}},"115":{"start":{"line":203,"column":6},"end":{"line":203,"column":null}},"116":{"start":{"line":204,"column":6},"end":{"line":204,"column":null}},"117":{"start":{"line":205,"column":6},"end":{"line":205,"column":null}},"118":{"start":{"line":206,"column":6},"end":{"line":206,"column":null}},"119":{"start":{"line":207,"column":6},"end":{"line":207,"column":null}},"120":{"start":{"line":209,"column":6},"end":{"line":209,"column":null}},"121":{"start":{"line":210,"column":6},"end":{"line":210,"column":null}},"122":{"start":{"line":215,"column":4},"end":{"line":215,"column":null}},"123":{"start":{"line":219,"column":4},"end":{"line":222,"column":null}},"124":{"start":{"line":220,"column":6},"end":{"line":220,"column":null}},"125":{"start":{"line":221,"column":6},"end":{"line":221,"column":null}},"126":{"start":{"line":222,"column":6},"end":{"line":222,"column":null}},"127":{"start":{"line":227,"column":17},"end":{"line":227,"column":54}},"128":{"start":{"line":228,"column":4},"end":{"line":228,"column":null}},"129":{"start":{"line":228,"column":15},"end":{"line":228,"column":null}},"130":{"start":{"line":229,"column":4},"end":{"line":233,"column":null}},"131":{"start":{"line":230,"column":19},"end":{"line":230,"column":43}},"132":{"start":{"line":231,"column":6},"end":{"line":231,"column":null}},"133":{"start":{"line":233,"column":6},"end":{"line":233,"column":null}},"134":{"start":{"line":238,"column":2},"end":{"line":239,"column":null}},"135":{"start":{"line":239,"column":4},"end":{"line":239,"column":null}},"136":{"start":{"line":242,"column":2},"end":{"line":267,"column":null}}},"fnMap":{"0":{"name":"useGame","decl":{"start":{"line":20,"column":16},"end":{"line":20,"column":24}},"loc":{"start":{"line":20,"column":54},"end":{"line":267,"column":null}},"line":20},"1":{"name":"(anonymous_1)","decl":{"start":{"line":21,"column":34},"end":{"line":21,"column":60}},"loc":{"start":{"line":21,"column":60},"end":{"line":21,"column":null}},"line":21},"2":{"name":"(anonymous_2)","decl":{"start":{"line":22,"column":34},"end":{"line":22,"column":55}},"loc":{"start":{"line":22,"column":72},"end":{"line":23,"column":null}},"line":22},"3":{"name":"getWorker","decl":{"start":{"line":39,"column":11},"end":{"line":39,"column":31}},"loc":{"start":{"line":39,"column":31},"end":{"line":46,"column":null}},"line":39},"4":{"name":"terminateWorker","decl":{"start":{"line":49,"column":11},"end":{"line":49,"column":35}},"loc":{"start":{"line":49,"column":35},"end":{"line":52,"column":null}},"line":49},"5":{"name":"(anonymous_5)","decl":{"start":{"line":56,"column":2},"end":{"line":56,"column":20}},"loc":{"start":{"line":56,"column":20},"end":{"line":58,"column":null}},"line":56},"6":{"name":"isCurrentPlayerHuman","decl":{"start":{"line":60,"column":11},"end":{"line":60,"column":43}},"loc":{"start":{"line":60,"column":43},"end":{"line":61,"column":null}},"line":60},"7":{"name":"isAITurn","decl":{"start":{"line":64,"column":11},"end":{"line":64,"column":31}},"loc":{"start":{"line":64,"column":31},"end":{"line":67,"column":null}},"line":64},"8":{"name":"playerLabel","decl":{"start":{"line":70,"column":11},"end":{"line":70,"column":23}},"loc":{"start":{"line":70,"column":47},"end":{"line":72,"column":null}},"line":70},"9":{"name":"(anonymous_9)","decl":{"start":{"line":75,"column":21},"end":{"line":75,"column":36}},"loc":{"start":{"line":75,"column":36},"end":{"line":86,"column":null}},"line":75},"10":{"name":"(anonymous_10)","decl":{"start":{"line":88,"column":21},"end":{"line":88,"column":36}},"loc":{"start":{"line":88,"column":36},"end":{"line":90,"column":null}},"line":88},"11":{"name":"(anonymous_11)","decl":{"start":{"line":92,"column":18},"end":{"line":92,"column":33}},"loc":{"start":{"line":92,"column":33},"end":{"line":95,"column":null}},"line":92},"12":{"name":"boardDisabled","decl":{"start":{"line":97,"column":11},"end":{"line":97,"column":36}},"loc":{"start":{"line":97,"column":36},"end":{"line":98,"column":null}},"line":97},"13":{"name":"makeAIConfig","decl":{"start":{"line":101,"column":11},"end":{"line":101,"column":89}},"loc":{"start":{"line":101,"column":89},"end":{"line":106,"column":null}},"line":101},"14":{"name":"maybeRunAI","decl":{"start":{"line":109,"column":11},"end":{"line":109,"column":30}},"loc":{"start":{"line":109,"column":30},"end":{"line":130,"column":null}},"line":109},"15":{"name":"onWorkerMessage","decl":{"start":{"line":133,"column":11},"end":{"line":133,"column":27}},"loc":{"start":{"line":133,"column":66},"end":{"line":146,"column":null}},"line":133},"16":{"name":"updateLocationHash","decl":{"start":{"line":149,"column":11},"end":{"line":149,"column":38}},"loc":{"start":{"line":149,"column":38},"end":{"line":150,"column":null}},"line":149},"17":{"name":"newGame","decl":{"start":{"line":153,"column":11},"end":{"line":153,"column":27}},"loc":{"start":{"line":153,"column":27},"end":{"line":160,"column":null}},"line":153},"18":{"name":"undo","decl":{"start":{"line":163,"column":11},"end":{"line":163,"column":24}},"loc":{"start":{"line":163,"column":24},"end":{"line":175,"column":null}},"line":163},"19":{"name":"playMove","decl":{"start":{"line":178,"column":11},"end":{"line":178,"column":20}},"loc":{"start":{"line":178,"column":41},"end":{"line":190,"column":null}},"line":178},"20":{"name":"loadGame","decl":{"start":{"line":193,"column":11},"end":{"line":193,"column":20}},"loc":{"start":{"line":193,"column":43},"end":{"line":210,"column":null}},"line":193},"21":{"name":"setSize","decl":{"start":{"line":214,"column":11},"end":{"line":214,"column":19}},"loc":{"start":{"line":214,"column":49},"end":{"line":215,"column":null}},"line":214},"22":{"name":"onModeChange","decl":{"start":{"line":218,"column":11},"end":{"line":218,"column":32}},"loc":{"start":{"line":218,"column":32},"end":{"line":222,"column":null}},"line":218},"23":{"name":"tryLoadFromUrl","decl":{"start":{"line":226,"column":11},"end":{"line":226,"column":37}},"loc":{"start":{"line":226,"column":37},"end":{"line":233,"column":null}},"line":226}},"branchMap":{"0":{"loc":{"start":{"line":20,"column":24},"end":{"line":20,"column":52}},"type":"default-arg","locations":[{"start":{"line":20,"column":50},"end":{"line":20,"column":52}}],"line":20},"1":{"loc":{"start":{"line":21,"column":26},"end":{"line":21,"column":null}},"type":"binary-expr","locations":[{"start":{"line":21,"column":26},"end":{"line":21,"column":60}},{"start":{"line":21,"column":34},"end":{"line":21,"column":null}}],"line":21},"2":{"loc":{"start":{"line":22,"column":26},"end":{"line":23,"column":null}},"type":"binary-expr","locations":[{"start":{"line":22,"column":26},"end":{"line":22,"column":55}},{"start":{"line":22,"column":34},"end":{"line":23,"column":null}}],"line":22},"3":{"loc":{"start":{"line":40,"column":4},"end":{"line":44,"column":null}},"type":"if","locations":[{"start":{"line":40,"column":4},"end":{"line":44,"column":null}},{"start":{},"end":{}}],"line":40},"4":{"loc":{"start":{"line":41,"column":15},"end":{"line":43,"column":null}},"type":"cond-expr","locations":[{"start":{"line":42,"column":10},"end":{"line":42,"column":32}},{"start":{"line":43,"column":10},"end":{"line":43,"column":null}}],"line":41},"5":{"loc":{"start":{"line":50,"column":4},"end":{"line":52,"column":null}},"type":"if","locations":[{"start":{"line":50,"column":4},"end":{"line":52,"column":null}},{"start":{},"end":{}}],"line":50},"6":{"loc":{"start":{"line":61,"column":11},"end":{"line":61,"column":null}},"type":"cond-expr","locations":[{"start":{"line":61,"column":41},"end":{"line":61,"column":60}},{"start":{"line":61,"column":60},"end":{"line":61,"column":null}}],"line":61},"7":{"loc":{"start":{"line":66,"column":4},"end":{"line":66,"column":null}},"type":"if","locations":[{"start":{"line":66,"column":4},"end":{"line":66,"column":null}},{"start":{},"end":{}}],"line":66},"8":{"loc":{"start":{"line":66,"column":8},"end":{"line":66,"column":50}},"type":"binary-expr","locations":[{"start":{"line":66,"column":8},"end":{"line":66,"column":30}},{"start":{"line":66,"column":30},"end":{"line":66,"column":50}}],"line":66},"9":{"loc":{"start":{"line":67,"column":11},"end":{"line":67,"column":null}},"type":"cond-expr","locations":[{"start":{"line":67,"column":32},"end":{"line":67,"column":50}},{"start":{"line":67,"column":50},"end":{"line":67,"column":null}}],"line":67},"10":{"loc":{"start":{"line":71,"column":17},"end":{"line":71,"column":null}},"type":"cond-expr","locations":[{"start":{"line":71,"column":36},"end":{"line":71,"column":54}},{"start":{"line":71,"column":54},"end":{"line":71,"column":null}}],"line":71},"11":{"loc":{"start":{"line":72,"column":35},"end":{"line":72,"column":null}},"type":"cond-expr","locations":[{"start":{"line":72,"column":42},"end":{"line":72,"column":52}},{"start":{"line":72,"column":52},"end":{"line":72,"column":null}}],"line":72},"12":{"loc":{"start":{"line":78,"column":19},"end":{"line":78,"column":null}},"type":"cond-expr","locations":[{"start":{"line":78,"column":27},"end":{"line":78,"column":43}},{"start":{"line":78,"column":43},"end":{"line":78,"column":null}}],"line":78},"13":{"loc":{"start":{"line":79,"column":4},"end":{"line":80,"column":null}},"type":"if","locations":[{"start":{"line":79,"column":4},"end":{"line":80,"column":null}},{"start":{},"end":{}}],"line":79},"14":{"loc":{"start":{"line":82,"column":4},"end":{"line":83,"column":null}},"type":"if","locations":[{"start":{"line":82,"column":4},"end":{"line":83,"column":null}},{"start":{},"end":{}}],"line":82},"15":{"loc":{"start":{"line":98,"column":11},"end":{"line":98,"column":null}},"type":"binary-expr","locations":[{"start":{"line":98,"column":11},"end":{"line":98,"column":31}},{"start":{"line":98,"column":31},"end":{"line":98,"column":54}},{"start":{"line":98,"column":58},"end":{"line":98,"column":null}}],"line":98},"16":{"loc":{"start":{"line":103,"column":16},"end":{"line":103,"column":null}},"type":"cond-expr","locations":[{"start":{"line":103,"column":41},"end":{"line":103,"column":45}},{"start":{"line":103,"column":45},"end":{"line":103,"column":null}}],"line":103},"17":{"loc":{"start":{"line":110,"column":4},"end":{"line":111,"column":null}},"type":"if","locations":[{"start":{"line":110,"column":4},"end":{"line":111,"column":null}},{"start":{},"end":{}}],"line":110},"18":{"loc":{"start":{"line":110,"column":8},"end":{"line":110,"column":41}},"type":"binary-expr","locations":[{"start":{"line":110,"column":8},"end":{"line":110,"column":19}},{"start":{"line":110,"column":23},"end":{"line":110,"column":41}}],"line":110},"19":{"loc":{"start":{"line":119,"column":22},"end":{"line":119,"column":null}},"type":"cond-expr","locations":[{"start":{"line":119,"column":43},"end":{"line":119,"column":66}},{"start":{"line":119,"column":66},"end":{"line":119,"column":null}}],"line":119},"20":{"loc":{"start":{"line":135,"column":4},"end":{"line":135,"column":null}},"type":"if","locations":[{"start":{"line":135,"column":4},"end":{"line":135,"column":null}},{"start":{},"end":{}}],"line":135},"21":{"loc":{"start":{"line":137,"column":4},"end":{"line":137,"column":null}},"type":"if","locations":[{"start":{"line":137,"column":4},"end":{"line":137,"column":null}},{"start":{},"end":{}}],"line":137},"22":{"loc":{"start":{"line":139,"column":4},"end":{"line":140,"column":null}},"type":"if","locations":[{"start":{"line":139,"column":4},"end":{"line":140,"column":null}},{"start":{},"end":{}}],"line":139},"23":{"loc":{"start":{"line":164,"column":4},"end":{"line":164,"column":null}},"type":"if","locations":[{"start":{"line":164,"column":4},"end":{"line":164,"column":null}},{"start":{},"end":{}}],"line":164},"24":{"loc":{"start":{"line":166,"column":4},"end":{"line":166,"column":null}},"type":"if","locations":[{"start":{"line":166,"column":4},"end":{"line":166,"column":null}},{"start":{},"end":{}}],"line":166},"25":{"loc":{"start":{"line":168,"column":27},"end":{"line":168,"column":null}},"type":"binary-expr","locations":[{"start":{"line":168,"column":27},"end":{"line":168,"column":47}},{"start":{"line":168,"column":47},"end":{"line":168,"column":null}}],"line":168},"26":{"loc":{"start":{"line":169,"column":4},"end":{"line":170,"column":null}},"type":"if","locations":[{"start":{"line":169,"column":4},"end":{"line":170,"column":null}},{"start":{},"end":{}}],"line":169},"27":{"loc":{"start":{"line":169,"column":8},"end":{"line":169,"column":51}},"type":"binary-expr","locations":[{"start":{"line":169,"column":8},"end":{"line":169,"column":26}},{"start":{"line":169,"column":26},"end":{"line":169,"column":36}},{"start":{"line":169,"column":40},"end":{"line":169,"column":51}}],"line":169},"28":{"loc":{"start":{"line":179,"column":4},"end":{"line":180,"column":null}},"type":"if","locations":[{"start":{"line":179,"column":4},"end":{"line":180,"column":null}},{"start":{},"end":{}}],"line":179},"29":{"loc":{"start":{"line":179,"column":8},"end":{"line":179,"column":84}},"type":"binary-expr","locations":[{"start":{"line":179,"column":8},"end":{"line":179,"column":28}},{"start":{"line":179,"column":28},"end":{"line":179,"column":51}},{"start":{"line":179,"column":55},"end":{"line":179,"column":84}}],"line":179},"30":{"loc":{"start":{"line":182,"column":4},"end":{"line":185,"column":null}},"type":"if","locations":[{"start":{"line":182,"column":4},"end":{"line":185,"column":null}},{"start":{},"end":{}}],"line":182},"31":{"loc":{"start":{"line":196,"column":4},"end":{"line":196,"column":null}},"type":"if","locations":[{"start":{"line":196,"column":4},"end":{"line":196,"column":null}},{"start":{},"end":{}}],"line":196},"32":{"loc":{"start":{"line":209,"column":24},"end":{"line":209,"column":72}},"type":"cond-expr","locations":[{"start":{"line":209,"column":47},"end":{"line":209,"column":61}},{"start":{"line":209,"column":61},"end":{"line":209,"column":72}}],"line":209},"33":{"loc":{"start":{"line":219,"column":4},"end":{"line":222,"column":null}},"type":"if","locations":[{"start":{"line":219,"column":4},"end":{"line":222,"column":null}},{"start":{},"end":{}}],"line":219},"34":{"loc":{"start":{"line":228,"column":4},"end":{"line":228,"column":null}},"type":"if","locations":[{"start":{"line":228,"column":4},"end":{"line":228,"column":null}},{"start":{},"end":{}}],"line":228},"35":{"loc":{"start":{"line":238,"column":2},"end":{"line":239,"column":null}},"type":"if","locations":[{"start":{"line":238,"column":2},"end":{"line":239,"column":null}},{"start":{},"end":{}}],"line":238}},"s":{"0":54,"1":1,"2":54,"3":2,"4":54,"5":54,"6":54,"7":54,"8":54,"9":54,"10":54,"11":54,"12":54,"13":54,"14":54,"15":18,"16":16,"17":16,"18":18,"19":115,"20":16,"21":16,"22":54,"23":54,"24":22,"25":99,"26":99,"27":5,"28":94,"29":5,"30":5,"31":54,"32":8,"33":8,"34":8,"35":8,"36":2,"37":6,"38":1,"39":5,"40":54,"41":81,"42":54,"43":1,"44":1,"45":2,"46":18,"47":96,"48":78,"49":18,"50":18,"51":18,"52":18,"53":18,"54":18,"55":18,"56":96,"57":96,"58":96,"59":96,"60":5,"61":5,"62":1,"63":4,"64":4,"65":1,"66":3,"67":3,"68":2,"69":3,"70":3,"71":3,"72":3,"73":3,"74":81,"75":51,"76":51,"77":51,"78":51,"79":51,"80":51,"81":51,"82":5,"83":1,"84":4,"85":4,"86":1,"87":3,"88":3,"89":5,"90":1,"91":3,"92":3,"93":3,"94":3,"95":20,"96":3,"97":17,"98":1,"99":1,"100":1,"101":16,"102":16,"103":16,"104":16,"105":14,"106":14,"107":14,"108":1,"109":13,"110":13,"111":13,"112":13,"113":13,"114":13,"115":13,"116":13,"117":13,"118":13,"119":13,"120":5,"121":5,"122":1,"123":14,"124":13,"125":13,"126":13,"127":54,"128":54,"129":44,"130":10,"131":10,"132":10,"133":1,"134":54,"135":47,"136":54},"f":{"0":54,"1":1,"2":2,"3":18,"4":115,"5":54,"6":22,"7":99,"8":5,"9":8,"10":81,"11":1,"12":2,"13":18,"14":96,"15":5,"16":81,"17":51,"18":5,"19":20,"20":14,"21":1,"22":14,"23":54},"b":{"0":[54],"1":[54,1],"2":[54,2],"3":[16,2],"4":[15,1],"5":[16,99],"6":[16,6],"7":[5,94],"8":[99,94],"9":[74,20],"10":[3,2],"11":[2,3],"12":[2,6],"13":[2,6],"14":[1,5],"15":[2,1,1],"16":[1,17],"17":[78,18],"18":[96,19],"19":[13,5],"20":[1,4],"21":[1,3],"22":[2,1],"23":[1,4],"24":[1,3],"25":[3,1],"26":[1,4],"27":[5,2,1],"28":[3,17],"29":[20,19,17],"30":[1,16],"31":[1,13],"32":[4,1],"33":[13,1],"34":[44,10],"35":[47,7]},"meta":{"lastBranch":36,"lastFunction":24,"lastStatement":137,"seen":{"f:20:16:20:24":0,"b:20:50:20:52":0,"s:21:26:21:Infinity":0,"b:21:26:21:60:21:34:21:Infinity":1,"f:21:34:21:60":1,"s:21:60:21:Infinity":1,"s:22:26:23:Infinity":2,"b:22:26:22:55:22:34:23:Infinity":2,"f:22:34:22:55":2,"s:23:4:23:Infinity":3,"s:26:8:26:36":4,"s:27:8:27:46":5,"s:28:8:28:30":6,"s:29:8:29:29":7,"s:30:8:30:32":8,"s:31:8:31:32":9,"s:32:8:32:31":10,"s:33:8:33:29":11,"s:34:8:34:27":12,"s:36:30:36:Infinity":13,"s:37:22:37:Infinity":14,"f:39:11:39:31":3,"b:40:4:44:Infinity:undefined:undefined:undefined:undefined":3,"s:40:4:44:Infinity":15,"s:41:6:43:Infinity":16,"b:42:10:42:32:43:10:43:Infinity":4,"s:44:6:44:Infinity":17,"s:46:4:46:Infinity":18,"f:49:11:49:35":4,"b:50:4:52:Infinity:undefined:undefined:undefined:undefined":5,"s:50:4:52:Infinity":19,"s:51:6:51:Infinity":20,"s:52:6:52:Infinity":21,"s:56:2:58:Infinity":22,"f:56:2:56:20":5,"s:57:4:57:Infinity":23,"f:60:11:60:43":6,"s:61:4:61:Infinity":24,"b:61:41:61:60:61:60:61:Infinity":6,"f:64:11:64:31":7,"s:65:14:65:Infinity":25,"b:66:4:66:Infinity:undefined:undefined:undefined:undefined":7,"s:66:4:66:Infinity":26,"b:66:8:66:30:66:30:66:50":8,"s:66:52:66:Infinity":27,"s:67:4:67:Infinity":28,"b:67:32:67:50:67:50:67:Infinity":9,"f:70:11:70:23":8,"s:71:17:71:Infinity":29,"b:71:36:71:54:71:54:71:Infinity":10,"s:72:4:72:Infinity":30,"b:72:42:72:52:72:52:72:Infinity":11,"s:75:8:86:Infinity":31,"f:75:21:75:36":9,"s:76:14:76:Infinity":32,"s:77:18:77:Infinity":33,"s:78:19:78:Infinity":34,"b:78:27:78:43:78:43:78:Infinity":12,"b:79:4:80:Infinity:undefined:undefined:undefined:undefined":13,"s:79:4:80:Infinity":35,"s:80:6:80:Infinity":36,"b:82:4:83:Infinity:undefined:undefined:undefined:undefined":14,"s:82:4:83:Infinity":37,"s:83:6:83:Infinity":38,"s:85:4:85:Infinity":39,"s:88:8:90:Infinity":40,"f:88:21:88:36":10,"s:89:4:89:Infinity":41,"s:92:8:95:Infinity":42,"f:92:18:92:33":11,"s:93:17:93:Infinity":43,"s:94:4:94:Infinity":44,"f:97:11:97:36":12,"s:98:4:98:Infinity":45,"b:98:11:98:31:98:31:98:54:98:58:98:Infinity":15,"f:101:11:101:89":13,"s:102:4:106:Infinity":46,"b:103:41:103:45:103:45:103:Infinity":16,"f:109:11:109:30":14,"b:110:4:111:Infinity:undefined:undefined:undefined:undefined":17,"s:110:4:111:Infinity":47,"b:110:8:110:19:110:23:110:41":18,"s:111:6:111:Infinity":48,"s:113:4:113:Infinity":49,"s:114:4:114:Infinity":50,"s:115:4:115:Infinity":51,"s:116:26:116:Infinity":52,"s:117:14:117:Infinity":53,"s:118:19:118:33":54,"s:119:22:119:Infinity":55,"b:119:43:119:66:119:66:119:Infinity":19,"s:120:31:126:Infinity":56,"s:127:14:127:25":57,"s:128:4:128:Infinity":58,"s:130:5:130:Infinity":59,"f:133:11:133:27":15,"s:134:14:134:Infinity":60,"b:135:4:135:Infinity:undefined:undefined:undefined:undefined":20,"s:135:4:135:Infinity":61,"s:135:20:135:Infinity":62,"s:136:23:136:Infinity":63,"b:137:4:137:Infinity:undefined:undefined:undefined:undefined":21,"s:137:4:137:Infinity":64,"s:137:37:137:Infinity":65,"s:138:19:138:Infinity":66,"b:139:4:140:Infinity:undefined:undefined:undefined:undefined":22,"s:139:4:140:Infinity":67,"s:140:6:140:Infinity":68,"s:142:4:142:Infinity":69,"s:143:4:143:Infinity":70,"s:144:4:144:Infinity":71,"s:145:4:145:Infinity":72,"s:146:4:146:Infinity":73,"f:149:11:149:38":16,"s:150:4:150:Infinity":74,"f:153:11:153:27":17,"s:154:4:154:Infinity":75,"s:155:4:155:Infinity":76,"s:156:4:156:Infinity":77,"s:157:4:157:Infinity":78,"s:158:4:158:Infinity":79,"s:159:4:159:Infinity":80,"s:160:4:160:Infinity":81,"f:163:11:163:24":18,"b:164:4:164:Infinity:undefined:undefined:undefined:undefined":23,"s:164:4:164:Infinity":82,"s:164:26:164:Infinity":83,"s:165:14:165:Infinity":84,"b:166:4:166:Infinity:undefined:undefined:undefined:undefined":24,"s:166:4:166:Infinity":85,"s:166:21:166:Infinity":86,"s:167:4:167:Infinity":87,"s:168:27:168:Infinity":88,"b:168:27:168:47:168:47:168:Infinity":25,"b:169:4:170:Infinity:undefined:undefined:undefined:undefined":26,"s:169:4:170:Infinity":89,"b:169:8:169:26:169:26:169:36:169:40:169:51":27,"s:170:6:170:Infinity":90,"s:172:4:172:Infinity":91,"s:173:4:173:Infinity":92,"s:174:4:174:Infinity":93,"s:175:4:175:Infinity":94,"f:178:11:178:20":19,"b:179:4:180:Infinity:undefined:undefined:undefined:undefined":28,"s:179:4:180:Infinity":95,"b:179:8:179:28:179:28:179:51:179:55:179:84":29,"s:180:6:180:Infinity":96,"b:182:4:185:Infinity:undefined:undefined:undefined:undefined":30,"s:182:4:185:Infinity":97,"s:183:6:183:Infinity":98,"s:184:6:184:Infinity":99,"s:185:6:185:Infinity":100,"s:187:4:187:Infinity":101,"s:188:4:188:Infinity":102,"s:189:4:189:Infinity":103,"s:190:4:190:Infinity":104,"f:193:11:193:20":20,"s:194:4:194:Infinity":105,"s:195:20:195:31":106,"b:196:4:196:Infinity:undefined:undefined:undefined:undefined":31,"s:196:4:196:Infinity":107,"s:196:18:196:Infinity":108,"s:197:4:210:Infinity":109,"s:198:12:198:40":110,"s:199:6:199:Infinity":111,"s:200:6:200:Infinity":112,"s:201:6:201:Infinity":113,"s:202:6:202:Infinity":114,"s:203:6:203:Infinity":115,"s:204:6:204:Infinity":116,"s:205:6:205:Infinity":117,"s:206:6:206:Infinity":118,"s:207:6:207:Infinity":119,"s:209:6:209:Infinity":120,"b:209:47:209:61:209:61:209:72":32,"s:210:6:210:Infinity":121,"f:214:11:214:19":21,"s:215:4:215:Infinity":122,"f:218:11:218:32":22,"b:219:4:222:Infinity:undefined:undefined:undefined:undefined":33,"s:219:4:222:Infinity":123,"s:220:6:220:Infinity":124,"s:221:6:221:Infinity":125,"s:222:6:222:Infinity":126,"f:226:11:226:37":23,"s:227:17:227:54":127,"b:228:4:228:Infinity:undefined:undefined:undefined:undefined":34,"s:228:4:228:Infinity":128,"s:228:15:228:Infinity":129,"s:229:4:233:Infinity":130,"s:230:19:230:43":131,"s:231:6:231:Infinity":132,"s:233:6:233:Infinity":133,"b:238:2:239:Infinity:undefined:undefined:undefined:undefined":35,"s:238:2:239:Infinity":134,"s:239:4:239:Infinity":135,"s:242:2:267:Infinity":136}}}
,"/home/runner/work/go-gomoku/go-gomoku/src/engine/ai.ts": {"path":"/home/runner/work/go-gomoku/go-gomoku/src/engine/ai.ts","statementMap":{"0":{"start":{"line":18,"column":18},"end":{"line":18,"column":null}},"1":{"start":{"line":19,"column":23},"end":{"line":19,"column":null}},"2":{"start":{"line":20,"column":24},"end":{"line":20,"column":null}},"3":{"start":{"line":21,"column":21},"end":{"line":21,"column":null}},"4":{"start":{"line":22,"column":30},"end":{"line":22,"column":null}},"5":{"start":{"line":23,"column":35},"end":{"line":23,"column":null}},"6":{"start":{"line":24,"column":26},"end":{"line":24,"column":null}},"7":{"start":{"line":25,"column":19},"end":{"line":25,"column":null}},"8":{"start":{"line":26,"column":22},"end":{"line":26,"column":null}},"9":{"start":{"line":27,"column":22},"end":{"line":27,"column":null}},"10":{"start":{"line":28,"column":21},"end":{"line":28,"column":null}},"11":{"start":{"line":29,"column":17},"end":{"line":29,"column":null}},"12":{"start":{"line":32,"column":2},"end":{"line":32,"column":null}},"13":{"start":{"line":41,"column":38},"end":{"line":41,"column":40}},"14":{"start":{"line":42,"column":39},"end":{"line":42,"column":41}},"15":{"start":{"line":43,"column":20},"end":{"line":43,"column":37}},"16":{"start":{"line":44,"column":27},"end":{"line":44,"column":45}},"17":{"start":{"line":45,"column":27},"end":{"line":45,"column":null}},"18":{"start":{"line":46,"column":29},"end":{"line":46,"column":47}},"19":{"start":{"line":47,"column":29},"end":{"line":47,"column":null}},"20":{"start":{"line":48,"column":23},"end":{"line":48,"column":null}},"21":{"start":{"line":49,"column":21},"end":{"line":49,"column":null}},"22":{"start":{"line":50,"column":25},"end":{"line":50,"column":null}},"23":{"start":{"line":51,"column":21},"end":{"line":51,"column":null}},"24":{"start":{"line":52,"column":35},"end":{"line":52,"column":62}},"25":{"start":{"line":55,"column":4},"end":{"line":55,"column":null}},"26":{"start":{"line":56,"column":4},"end":{"line":56,"column":null}},"27":{"start":{"line":57,"column":4},"end":{"line":57,"column":null}},"28":{"start":{"line":58,"column":4},"end":{"line":58,"column":null}},"29":{"start":{"line":58,"column":37},"end":{"line":58,"column":54}},"30":{"start":{"line":62,"column":4},"end":{"line":62,"column":null}},"31":{"start":{"line":63,"column":4},"end":{"line":63,"column":null}},"32":{"start":{"line":64,"column":4},"end":{"line":64,"column":null}},"33":{"start":{"line":65,"column":4},"end":{"line":65,"column":null}},"34":{"start":{"line":66,"column":4},"end":{"line":66,"column":null}},"35":{"start":{"line":68,"column":4},"end":{"line":69,"column":null}},"36":{"start":{"line":69,"column":6},"end":{"line":69,"column":null}},"37":{"start":{"line":72,"column":25},"end":{"line":72,"column":56}},"38":{"start":{"line":73,"column":4},"end":{"line":74,"column":null}},"39":{"start":{"line":74,"column":6},"end":{"line":74,"column":null}},"40":{"start":{"line":77,"column":19},"end":{"line":77,"column":null}},"41":{"start":{"line":78,"column":20},"end":{"line":78,"column":null}},"42":{"start":{"line":79,"column":25},"end":{"line":79,"column":null}},"43":{"start":{"line":80,"column":19},"end":{"line":80,"column":null}},"44":{"start":{"line":81,"column":21},"end":{"line":81,"column":null}},"45":{"start":{"line":83,"column":4},"end":{"line":97,"column":null}},"46":{"start":{"line":83,"column":21},"end":{"line":83,"column":24}},"47":{"start":{"line":84,"column":6},"end":{"line":97,"column":null}},"48":{"start":{"line":85,"column":23},"end":{"line":85,"column":65}},"49":{"start":{"line":86,"column":8},"end":{"line":90,"column":null}},"50":{"start":{"line":87,"column":10},"end":{"line":87,"column":null}},"51":{"start":{"line":88,"column":10},"end":{"line":88,"column":null}},"52":{"start":{"line":89,"column":10},"end":{"line":89,"column":null}},"53":{"start":{"line":90,"column":10},"end":{"line":90,"column":null}},"54":{"start":{"line":93,"column":8},"end":{"line":94,"column":null}},"55":{"start":{"line":94,"column":10},"end":{"line":94,"column":null}},"56":{"start":{"line":96,"column":8},"end":{"line":96,"column":null}},"57":{"start":{"line":97,"column":8},"end":{"line":97,"column":null}},"58":{"start":{"line":101,"column":4},"end":{"line":107,"column":null}},"59":{"start":{"line":111,"column":4},"end":{"line":112,"column":null}},"60":{"start":{"line":112,"column":6},"end":{"line":112,"column":null}},"61":{"start":{"line":114,"column":4},"end":{"line":114,"column":null}},"62":{"start":{"line":115,"column":4},"end":{"line":115,"column":null}},"63":{"start":{"line":116,"column":4},"end":{"line":116,"column":null}},"64":{"start":{"line":117,"column":4},"end":{"line":119,"column":null}},"65":{"start":{"line":117,"column":19},"end":{"line":117,"column":22}},"66":{"start":{"line":118,"column":6},"end":{"line":118,"column":null}},"67":{"start":{"line":119,"column":6},"end":{"line":119,"column":null}},"68":{"start":{"line":121,"column":4},"end":{"line":121,"column":null}},"69":{"start":{"line":122,"column":4},"end":{"line":122,"column":null}},"70":{"start":{"line":123,"column":4},"end":{"line":123,"column":null}},"71":{"start":{"line":124,"column":4},"end":{"line":124,"column":null}},"72":{"start":{"line":125,"column":4},"end":{"line":125,"column":null}},"73":{"start":{"line":129,"column":4},"end":{"line":130,"column":null}},"74":{"start":{"line":130,"column":6},"end":{"line":130,"column":null}},"75":{"start":{"line":133,"column":18},"end":{"line":133,"column":null}},"76":{"start":{"line":134,"column":19},"end":{"line":134,"column":null}},"77":{"start":{"line":135,"column":16},"end":{"line":135,"column":77}},"78":{"start":{"line":136,"column":4},"end":{"line":139,"column":null}},"79":{"start":{"line":136,"column":17},"end":{"line":136,"column":20}},"80":{"start":{"line":137,"column":6},"end":{"line":139,"column":null}},"81":{"start":{"line":138,"column":8},"end":{"line":138,"column":null}},"82":{"start":{"line":139,"column":8},"end":{"line":139,"column":null}},"83":{"start":{"line":143,"column":4},"end":{"line":143,"column":null}},"84":{"start":{"line":144,"column":4},"end":{"line":147,"column":null}},"85":{"start":{"line":144,"column":17},"end":{"line":144,"column":20}},"86":{"start":{"line":145,"column":6},"end":{"line":147,"column":null}},"87":{"start":{"line":146,"column":8},"end":{"line":146,"column":null}},"88":{"start":{"line":147,"column":8},"end":{"line":147,"column":null}},"89":{"start":{"line":151,"column":4},"end":{"line":151,"column":null}},"90":{"start":{"line":155,"column":4},"end":{"line":155,"column":null}},"91":{"start":{"line":156,"column":18},"end":{"line":156,"column":null}},"92":{"start":{"line":157,"column":19},"end":{"line":157,"column":null}},"93":{"start":{"line":158,"column":16},"end":{"line":158,"column":83}},"94":{"start":{"line":159,"column":24},"end":{"line":159,"column":null}},"95":{"start":{"line":160,"column":16},"end":{"line":160,"column":null}},"96":{"start":{"line":161,"column":17},"end":{"line":161,"column":null}},"97":{"start":{"line":162,"column":19},"end":{"line":162,"column":null}},"98":{"start":{"line":163,"column":20},"end":{"line":163,"column":null}},"99":{"start":{"line":164,"column":21},"end":{"line":164,"column":null}},"100":{"start":{"line":166,"column":4},"end":{"line":191,"column":null}},"101":{"start":{"line":167,"column":6},"end":{"line":184,"column":null}},"102":{"start":{"line":167,"column":19},"end":{"line":167,"column":22}},"103":{"start":{"line":168,"column":21},"end":{"line":168,"column":null}},"104":{"start":{"line":169,"column":8},"end":{"line":170,"column":null}},"105":{"start":{"line":170,"column":10},"end":{"line":170,"column":null}},"106":{"start":{"line":172,"column":8},"end":{"line":172,"column":null}},"107":{"start":{"line":173,"column":20},"end":{"line":173,"column":null}},"108":{"start":{"line":174,"column":8},"end":{"line":177,"column":null}},"109":{"start":{"line":175,"column":10},"end":{"line":175,"column":null}},"110":{"start":{"line":177,"column":10},"end":{"line":177,"column":null}},"111":{"start":{"line":179,"column":8},"end":{"line":181,"column":null}},"112":{"start":{"line":180,"column":10},"end":{"line":180,"column":null}},"113":{"start":{"line":181,"column":10},"end":{"line":181,"column":null}},"114":{"start":{"line":183,"column":8},"end":{"line":184,"column":null}},"115":{"start":{"line":184,"column":10},"end":{"line":184,"column":null}},"116":{"start":{"line":187,"column":6},"end":{"line":188,"column":null}},"117":{"start":{"line":188,"column":8},"end":{"line":188,"column":null}},"118":{"start":{"line":190,"column":6},"end":{"line":190,"column":null}},"119":{"start":{"line":191,"column":6},"end":{"line":191,"column":null}},"120":{"start":{"line":194,"column":4},"end":{"line":195,"column":null}},"121":{"start":{"line":195,"column":6},"end":{"line":195,"column":null}},"122":{"start":{"line":197,"column":4},"end":{"line":197,"column":null}},"123":{"start":{"line":201,"column":4},"end":{"line":201,"column":null}},"124":{"start":{"line":202,"column":4},"end":{"line":203,"column":null}},"125":{"start":{"line":203,"column":6},"end":{"line":203,"column":null}},"126":{"start":{"line":205,"column":4},"end":{"line":206,"column":null}},"127":{"start":{"line":206,"column":6},"end":{"line":206,"column":null}},"128":{"start":{"line":209,"column":18},"end":{"line":209,"column":null}},"129":{"start":{"line":210,"column":19},"end":{"line":210,"column":null}},"130":{"start":{"line":211,"column":16},"end":{"line":211,"column":77}},"131":{"start":{"line":212,"column":24},"end":{"line":212,"column":null}},"132":{"start":{"line":213,"column":21},"end":{"line":213,"column":null}},"133":{"start":{"line":214,"column":20},"end":{"line":214,"column":null}},"134":{"start":{"line":216,"column":4},"end":{"line":244,"column":null}},"135":{"start":{"line":217,"column":6},"end":{"line":236,"column":null}},"136":{"start":{"line":217,"column":19},"end":{"line":217,"column":22}},"137":{"start":{"line":218,"column":21},"end":{"line":218,"column":null}},"138":{"start":{"line":219,"column":8},"end":{"line":220,"column":null}},"139":{"start":{"line":220,"column":10},"end":{"line":220,"column":null}},"140":{"start":{"line":222,"column":8},"end":{"line":222,"column":null}},"141":{"start":{"line":223,"column":20},"end":{"line":223,"column":null}},"142":{"start":{"line":224,"column":8},"end":{"line":227,"column":null}},"143":{"start":{"line":225,"column":10},"end":{"line":225,"column":null}},"144":{"start":{"line":227,"column":10},"end":{"line":227,"column":null}},"145":{"start":{"line":229,"column":8},"end":{"line":230,"column":null}},"146":{"start":{"line":230,"column":10},"end":{"line":230,"column":null}},"147":{"start":{"line":232,"column":8},"end":{"line":236,"column":null}},"148":{"start":{"line":233,"column":10},"end":{"line":233,"column":null}},"149":{"start":{"line":234,"column":10},"end":{"line":236,"column":null}},"150":{"start":{"line":235,"column":12},"end":{"line":235,"column":null}},"151":{"start":{"line":236,"column":12},"end":{"line":236,"column":null}},"152":{"start":{"line":240,"column":6},"end":{"line":241,"column":null}},"153":{"start":{"line":241,"column":8},"end":{"line":241,"column":null}},"154":{"start":{"line":243,"column":6},"end":{"line":243,"column":null}},"155":{"start":{"line":244,"column":6},"end":{"line":244,"column":null}},"156":{"start":{"line":247,"column":4},"end":{"line":247,"column":null}},"157":{"start":{"line":251,"column":4},"end":{"line":251,"column":null}},"158":{"start":{"line":252,"column":4},"end":{"line":253,"column":null}},"159":{"start":{"line":253,"column":6},"end":{"line":253,"column":null}},"160":{"start":{"line":256,"column":21},"end":{"line":256,"column":44}},"161":{"start":{"line":257,"column":4},"end":{"line":258,"column":null}},"162":{"start":{"line":258,"column":6},"end":{"line":258,"column":null}},"163":{"start":{"line":260,"column":4},"end":{"line":261,"column":null}},"164":{"start":{"line":261,"column":6},"end":{"line":261,"column":null}},"165":{"start":{"line":263,"column":4},"end":{"line":264,"column":null}},"166":{"start":{"line":264,"column":6},"end":{"line":264,"column":null}},"167":{"start":{"line":267,"column":18},"end":{"line":267,"column":null}},"168":{"start":{"line":268,"column":19},"end":{"line":268,"column":null}},"169":{"start":{"line":269,"column":18},"end":{"line":269,"column":78}},"170":{"start":{"line":270,"column":4},"end":{"line":271,"column":null}},"171":{"start":{"line":271,"column":6},"end":{"line":271,"column":null}},"172":{"start":{"line":274,"column":20},"end":{"line":274,"column":null}},"173":{"start":{"line":275,"column":21},"end":{"line":275,"column":null}},"174":{"start":{"line":276,"column":4},"end":{"line":294,"column":null}},"175":{"start":{"line":276,"column":17},"end":{"line":276,"column":20}},"176":{"start":{"line":277,"column":19},"end":{"line":277,"column":null}},"177":{"start":{"line":278,"column":6},"end":{"line":279,"column":null}},"178":{"start":{"line":279,"column":8},"end":{"line":279,"column":null}},"179":{"start":{"line":281,"column":6},"end":{"line":281,"column":null}},"180":{"start":{"line":282,"column":18},"end":{"line":282,"column":null}},"181":{"start":{"line":283,"column":6},"end":{"line":286,"column":null}},"182":{"start":{"line":284,"column":8},"end":{"line":284,"column":null}},"183":{"start":{"line":286,"column":8},"end":{"line":286,"column":null}},"184":{"start":{"line":288,"column":6},"end":{"line":289,"column":null}},"185":{"start":{"line":289,"column":8},"end":{"line":289,"column":null}},"186":{"start":{"line":291,"column":6},"end":{"line":294,"column":null}},"187":{"start":{"line":292,"column":8},"end":{"line":292,"column":null}},"188":{"start":{"line":293,"column":8},"end":{"line":294,"column":null}},"189":{"start":{"line":294,"column":10},"end":{"line":294,"column":null}},"190":{"start":{"line":299,"column":4},"end":{"line":299,"column":null}},"191":{"start":{"line":303,"column":16},"end":{"line":303,"column":null}},"192":{"start":{"line":304,"column":18},"end":{"line":304,"column":null}},"193":{"start":{"line":305,"column":17},"end":{"line":305,"column":null}},"194":{"start":{"line":306,"column":20},"end":{"line":306,"column":null}},"195":{"start":{"line":308,"column":4},"end":{"line":320,"column":null}},"196":{"start":{"line":308,"column":27},"end":{"line":308,"column":30}},"197":{"start":{"line":309,"column":19},"end":{"line":309,"column":null}},"198":{"start":{"line":310,"column":18},"end":{"line":310,"column":null}},"199":{"start":{"line":311,"column":18},"end":{"line":311,"column":null}},"200":{"start":{"line":312,"column":6},"end":{"line":315,"column":null}},"201":{"start":{"line":312,"column":22},"end":{"line":312,"column":25}},"202":{"start":{"line":313,"column":21},"end":{"line":313,"column":null}},"203":{"start":{"line":314,"column":8},"end":{"line":314,"column":null}},"204":{"start":{"line":315,"column":8},"end":{"line":315,"column":null}},"205":{"start":{"line":317,"column":6},"end":{"line":320,"column":null}},"206":{"start":{"line":318,"column":8},"end":{"line":318,"column":null}},"207":{"start":{"line":319,"column":17},"end":{"line":320,"column":null}},"208":{"start":{"line":320,"column":8},"end":{"line":320,"column":null}},"209":{"start":{"line":324,"column":22},"end":{"line":324,"column":null}},"210":{"start":{"line":325,"column":4},"end":{"line":338,"column":null}},"211":{"start":{"line":325,"column":21},"end":{"line":325,"column":24}},"212":{"start":{"line":326,"column":19},"end":{"line":326,"column":null}},"213":{"start":{"line":327,"column":6},"end":{"line":328,"column":null}},"214":{"start":{"line":328,"column":8},"end":{"line":328,"column":null}},"215":{"start":{"line":330,"column":27},"end":{"line":330,"column":null}},"216":{"start":{"line":331,"column":27},"end":{"line":331,"column":null}},"217":{"start":{"line":332,"column":6},"end":{"line":334,"column":null}},"218":{"start":{"line":332,"column":24},"end":{"line":332,"column":27}},"219":{"start":{"line":333,"column":25},"end":{"line":333,"column":null}},"220":{"start":{"line":334,"column":8},"end":{"line":334,"column":null}},"221":{"start":{"line":336,"column":28},"end":{"line":336,"column":86}},"222":{"start":{"line":337,"column":25},"end":{"line":337,"column":null}},"223":{"start":{"line":338,"column":6},"end":{"line":338,"column":null}},"224":{"start":{"line":341,"column":4},"end":{"line":341,"column":null}},"225":{"start":{"line":351,"column":4},"end":{"line":352,"column":null}},"226":{"start":{"line":352,"column":6},"end":{"line":352,"column":null}},"227":{"start":{"line":354,"column":4},"end":{"line":361,"column":null}},"228":{"start":{"line":355,"column":6},"end":{"line":356,"column":null}},"229":{"start":{"line":356,"column":8},"end":{"line":356,"column":null}},"230":{"start":{"line":358,"column":12},"end":{"line":358,"column":null}},"231":{"start":{"line":359,"column":6},"end":{"line":359,"column":null}},"232":{"start":{"line":360,"column":6},"end":{"line":360,"column":null}},"233":{"start":{"line":361,"column":6},"end":{"line":361,"column":null}},"234":{"start":{"line":364,"column":18},"end":{"line":364,"column":null}},"235":{"start":{"line":365,"column":17},"end":{"line":365,"column":null}},"236":{"start":{"line":366,"column":18},"end":{"line":366,"column":null}},"237":{"start":{"line":367,"column":25},"end":{"line":367,"column":null}},"238":{"start":{"line":368,"column":4},"end":{"line":368,"column":null}},"239":{"start":{"line":369,"column":16},"end":{"line":369,"column":null}},"240":{"start":{"line":371,"column":4},"end":{"line":386,"column":null}},"241":{"start":{"line":371,"column":21},"end":{"line":371,"column":24}},"242":{"start":{"line":372,"column":6},"end":{"line":373,"column":null}},"243":{"start":{"line":373,"column":8},"end":{"line":373,"column":null}},"244":{"start":{"line":375,"column":6},"end":{"line":386,"column":null}},"245":{"start":{"line":375,"column":24},"end":{"line":375,"column":45}},"246":{"start":{"line":376,"column":21},"end":{"line":376,"column":null}},"247":{"start":{"line":377,"column":8},"end":{"line":378,"column":null}},"248":{"start":{"line":378,"column":10},"end":{"line":378,"column":null}},"249":{"start":{"line":380,"column":22},"end":{"line":380,"column":76}},"250":{"start":{"line":381,"column":8},"end":{"line":382,"column":null}},"251":{"start":{"line":382,"column":10},"end":{"line":382,"column":null}},"252":{"start":{"line":384,"column":8},"end":{"line":384,"column":null}},"253":{"start":{"line":385,"column":8},"end":{"line":385,"column":null}},"254":{"start":{"line":386,"column":8},"end":{"line":386,"column":null}},"255":{"start":{"line":390,"column":4},"end":{"line":390,"column":null}},"256":{"start":{"line":400,"column":16},"end":{"line":400,"column":null}},"257":{"start":{"line":401,"column":4},"end":{"line":410,"column":null}},"258":{"start":{"line":401,"column":20},"end":{"line":401,"column":23}},"259":{"start":{"line":402,"column":6},"end":{"line":403,"column":null}},"260":{"start":{"line":403,"column":8},"end":{"line":403,"column":null}},"261":{"start":{"line":405,"column":20},"end":{"line":405,"column":74}},"262":{"start":{"line":406,"column":6},"end":{"line":407,"column":null}},"263":{"start":{"line":407,"column":8},"end":{"line":407,"column":null}},"264":{"start":{"line":409,"column":6},"end":{"line":409,"column":null}},"265":{"start":{"line":410,"column":6},"end":{"line":410,"column":null}},"266":{"start":{"line":412,"column":4},"end":{"line":412,"column":null}},"267":{"start":{"line":416,"column":19},"end":{"line":416,"column":null}},"268":{"start":{"line":417,"column":21},"end":{"line":417,"column":40}},"269":{"start":{"line":418,"column":17},"end":{"line":418,"column":null}},"270":{"start":{"line":419,"column":27},"end":{"line":419,"column":null}},"271":{"start":{"line":420,"column":26},"end":{"line":420,"column":null}},"272":{"start":{"line":421,"column":20},"end":{"line":421,"column":null}},"273":{"start":{"line":422,"column":18},"end":{"line":422,"column":null}},"274":{"start":{"line":424,"column":17},"end":{"line":424,"column":null}},"275":{"start":{"line":425,"column":18},"end":{"line":425,"column":null}},"276":{"start":{"line":426,"column":4},"end":{"line":440,"column":null}},"277":{"start":{"line":426,"column":22},"end":{"line":426,"column":43}},"278":{"start":{"line":427,"column":26},"end":{"line":427,"column":null}},"279":{"start":{"line":428,"column":19},"end":{"line":428,"column":null}},"280":{"start":{"line":429,"column":17},"end":{"line":429,"column":null}},"281":{"start":{"line":430,"column":19},"end":{"line":430,"column":null}},"282":{"start":{"line":431,"column":6},"end":{"line":434,"column":null}},"283":{"start":{"line":431,"column":22},"end":{"line":431,"column":25}},"284":{"start":{"line":432,"column":21},"end":{"line":432,"column":null}},"285":{"start":{"line":433,"column":8},"end":{"line":433,"column":null}},"286":{"start":{"line":434,"column":8},"end":{"line":434,"column":null}},"287":{"start":{"line":436,"column":6},"end":{"line":437,"column":null}},"288":{"start":{"line":437,"column":8},"end":{"line":437,"column":null}},"289":{"start":{"line":439,"column":6},"end":{"line":440,"column":null}},"290":{"start":{"line":440,"column":8},"end":{"line":440,"column":null}},"291":{"start":{"line":444,"column":26},"end":{"line":444,"column":null}},"292":{"start":{"line":445,"column":25},"end":{"line":445,"column":null}},"293":{"start":{"line":446,"column":22},"end":{"line":446,"column":null}},"294":{"start":{"line":447,"column":25},"end":{"line":447,"column":null}},"295":{"start":{"line":448,"column":4},"end":{"line":448,"column":null}},"296":{"start":{"line":449,"column":4},"end":{"line":473,"column":null}},"297":{"start":{"line":449,"column":22},"end":{"line":449,"column":25}},"298":{"start":{"line":450,"column":23},"end":{"line":450,"column":null}},"299":{"start":{"line":451,"column":6},"end":{"line":452,"column":null}},"300":{"start":{"line":452,"column":8},"end":{"line":452,"column":null}},"301":{"start":{"line":454,"column":19},"end":{"line":454,"column":null}},"302":{"start":{"line":455,"column":6},"end":{"line":473,"column":null}},"303":{"start":{"line":456,"column":26},"end":{"line":456,"column":64}},"304":{"start":{"line":457,"column":8},"end":{"line":458,"column":null}},"305":{"start":{"line":457,"column":21},"end":{"line":457,"column":24}},"306":{"start":{"line":458,"column":10},"end":{"line":458,"column":null}},"307":{"start":{"line":460,"column":8},"end":{"line":463,"column":null}},"308":{"start":{"line":461,"column":10},"end":{"line":461,"column":null}},"309":{"start":{"line":462,"column":19},"end":{"line":463,"column":null}},"310":{"start":{"line":463,"column":10},"end":{"line":463,"column":null}},"311":{"start":{"line":465,"column":17},"end":{"line":473,"column":null}},"312":{"start":{"line":466,"column":26},"end":{"line":466,"column":62}},"313":{"start":{"line":467,"column":8},"end":{"line":468,"column":null}},"314":{"start":{"line":467,"column":21},"end":{"line":467,"column":24}},"315":{"start":{"line":468,"column":10},"end":{"line":468,"column":null}},"316":{"start":{"line":470,"column":8},"end":{"line":473,"column":null}},"317":{"start":{"line":471,"column":10},"end":{"line":471,"column":null}},"318":{"start":{"line":472,"column":19},"end":{"line":473,"column":null}},"319":{"start":{"line":473,"column":10},"end":{"line":473,"column":null}},"320":{"start":{"line":478,"column":4},"end":{"line":485,"column":null}},"321":{"start":{"line":485,"column":6},"end":{"line":485,"column":null}},"322":{"start":{"line":488,"column":16},"end":{"line":488,"column":null}},"323":{"start":{"line":489,"column":4},"end":{"line":489,"column":null}},"324":{"start":{"line":490,"column":4},"end":{"line":490,"column":null}},"325":{"start":{"line":491,"column":4},"end":{"line":492,"column":null}},"326":{"start":{"line":492,"column":6},"end":{"line":492,"column":null}},"327":{"start":{"line":494,"column":4},"end":{"line":494,"column":null}},"328":{"start":{"line":498,"column":16},"end":{"line":498,"column":null}},"329":{"start":{"line":499,"column":4},"end":{"line":502,"column":null}},"330":{"start":{"line":500,"column":6},"end":{"line":500,"column":null}},"331":{"start":{"line":501,"column":6},"end":{"line":501,"column":null}},"332":{"start":{"line":502,"column":6},"end":{"line":502,"column":null}},"333":{"start":{"line":504,"column":4},"end":{"line":504,"column":null}},"334":{"start":{"line":505,"column":4},"end":{"line":505,"column":null}},"335":{"start":{"line":509,"column":4},"end":{"line":509,"column":null}},"336":{"start":{"line":510,"column":4},"end":{"line":511,"column":null}},"337":{"start":{"line":511,"column":6},"end":{"line":511,"column":null}}},"fnMap":{"0":{"name":"otherPlayer","decl":{"start":{"line":31,"column":9},"end":{"line":31,"column":21}},"loc":{"start":{"line":31,"column":45},"end":{"line":32,"column":null}},"line":31},"1":{"name":"(anonymous_1)","decl":{"start":{"line":54,"column":2},"end":{"line":54,"column":14}},"loc":{"start":{"line":54,"column":43},"end":{"line":58,"column":null}},"line":54},"2":{"name":"(anonymous_2)","decl":{"start":{"line":58,"column":23},"end":{"line":58,"column":37}},"loc":{"start":{"line":58,"column":37},"end":{"line":58,"column":54}},"line":58},"3":{"name":"(anonymous_3)","decl":{"start":{"line":61,"column":2},"end":{"line":61,"column":15}},"loc":{"start":{"line":61,"column":74},"end":{"line":107,"column":null}},"line":61},"4":{"name":"(anonymous_4)","decl":{"start":{"line":110,"column":2},"end":{"line":110,"column":10}},"loc":{"start":{"line":110,"column":44},"end":{"line":125,"column":null}},"line":110},"5":{"name":"(anonymous_5)","decl":{"start":{"line":128,"column":2},"end":{"line":128,"column":10}},"loc":{"start":{"line":128,"column":59},"end":{"line":151,"column":null}},"line":128},"6":{"name":"(anonymous_6)","decl":{"start":{"line":154,"column":2},"end":{"line":154,"column":10}},"loc":{"start":{"line":154,"column":92},"end":{"line":197,"column":null}},"line":154},"7":{"name":"(anonymous_7)","decl":{"start":{"line":200,"column":2},"end":{"line":200,"column":10}},"loc":{"start":{"line":200,"column":106},"end":{"line":247,"column":null}},"line":200},"8":{"name":"(anonymous_8)","decl":{"start":{"line":250,"column":2},"end":{"line":250,"column":10}},"loc":{"start":{"line":250,"column":119},"end":{"line":299,"column":null}},"line":250},"9":{"name":"(anonymous_9)","decl":{"start":{"line":302,"column":2},"end":{"line":302,"column":10}},"loc":{"start":{"line":302,"column":51},"end":{"line":341,"column":null}},"line":302},"10":{"name":"(anonymous_10)","decl":{"start":{"line":344,"column":2},"end":{"line":344,"column":10}},"loc":{"start":{"line":350,"column":12},"end":{"line":390,"column":null}},"line":350},"11":{"name":"(anonymous_11)","decl":{"start":{"line":393,"column":2},"end":{"line":393,"column":10}},"loc":{"start":{"line":399,"column":12},"end":{"line":412,"column":null}},"line":399},"12":{"name":"(anonymous_12)","decl":{"start":{"line":415,"column":2},"end":{"line":415,"column":10}},"loc":{"start":{"line":415,"column":107},"end":{"line":494,"column":null}},"line":415},"13":{"name":"(anonymous_13)","decl":{"start":{"line":497,"column":2},"end":{"line":497,"column":10}},"loc":{"start":{"line":497,"column":110},"end":{"line":505,"column":null}},"line":497},"14":{"name":"(anonymous_14)","decl":{"start":{"line":508,"column":2},"end":{"line":508,"column":10}},"loc":{"start":{"line":508,"column":42},"end":{"line":511,"column":null}},"line":508}},"branchMap":{"0":{"loc":{"start":{"line":32,"column":9},"end":{"line":32,"column":null}},"type":"cond-expr","locations":[{"start":{"line":32,"column":28},"end":{"line":32,"column":36}},{"start":{"line":32,"column":36},"end":{"line":32,"column":null}}],"line":32},"1":{"loc":{"start":{"line":54,"column":14},"end":{"line":54,"column":41}},"type":"default-arg","locations":[{"start":{"line":54,"column":39},"end":{"line":54,"column":41}}],"line":54},"2":{"loc":{"start":{"line":55,"column":32},"end":{"line":55,"column":54}},"type":"binary-expr","locations":[{"start":{"line":55,"column":32},"end":{"line":55,"column":52}},{"start":{"line":55,"column":52},"end":{"line":55,"column":54}}],"line":55},"3":{"loc":{"start":{"line":56,"column":39},"end":{"line":56,"column":68}},"type":"binary-expr","locations":[{"start":{"line":56,"column":39},"end":{"line":56,"column":66}},{"start":{"line":56,"column":66},"end":{"line":56,"column":68}}],"line":56},"4":{"loc":{"start":{"line":57,"column":30},"end":{"line":57,"column":51}},"type":"binary-expr","locations":[{"start":{"line":57,"column":30},"end":{"line":57,"column":48}},{"start":{"line":57,"column":48},"end":{"line":57,"column":51}}],"line":57},"5":{"loc":{"start":{"line":58,"column":15},"end":{"line":58,"column":null}},"type":"binary-expr","locations":[{"start":{"line":58,"column":15},"end":{"line":58,"column":37}},{"start":{"line":58,"column":23},"end":{"line":58,"column":54}}],"line":58},"6":{"loc":{"start":{"line":68,"column":4},"end":{"line":69,"column":null}},"type":"if","locations":[{"start":{"line":68,"column":4},"end":{"line":69,"column":null}},{"start":{},"end":{}}],"line":68},"7":{"loc":{"start":{"line":73,"column":4},"end":{"line":74,"column":null}},"type":"if","locations":[{"start":{"line":73,"column":4},"end":{"line":74,"column":null}},{"start":{},"end":{}}],"line":73},"8":{"loc":{"start":{"line":73,"column":8},"end":{"line":73,"column":60}},"type":"binary-expr","locations":[{"start":{"line":73,"column":8},"end":{"line":73,"column":31}},{"start":{"line":73,"column":31},"end":{"line":73,"column":60}}],"line":73},"9":{"loc":{"start":{"line":86,"column":8},"end":{"line":90,"column":null}},"type":"if","locations":[{"start":{"line":86,"column":8},"end":{"line":90,"column":null}},{"start":{},"end":{}}],"line":86},"10":{"loc":{"start":{"line":93,"column":8},"end":{"line":94,"column":null}},"type":"if","locations":[{"start":{"line":93,"column":8},"end":{"line":94,"column":null}},{"start":{},"end":{}}],"line":93},"11":{"loc":{"start":{"line":111,"column":4},"end":{"line":112,"column":null}},"type":"if","locations":[{"start":{"line":111,"column":4},"end":{"line":112,"column":null}},{"start":{},"end":{}}],"line":111},"12":{"loc":{"start":{"line":129,"column":4},"end":{"line":130,"column":null}},"type":"if","locations":[{"start":{"line":129,"column":4},"end":{"line":130,"column":null}},{"start":{},"end":{}}],"line":129},"13":{"loc":{"start":{"line":137,"column":6},"end":{"line":139,"column":null}},"type":"if","locations":[{"start":{"line":137,"column":6},"end":{"line":139,"column":null}},{"start":{},"end":{}}],"line":137},"14":{"loc":{"start":{"line":145,"column":6},"end":{"line":147,"column":null}},"type":"if","locations":[{"start":{"line":145,"column":6},"end":{"line":147,"column":null}},{"start":{},"end":{}}],"line":145},"15":{"loc":{"start":{"line":169,"column":8},"end":{"line":170,"column":null}},"type":"if","locations":[{"start":{"line":169,"column":8},"end":{"line":170,"column":null}},{"start":{},"end":{}}],"line":169},"16":{"loc":{"start":{"line":179,"column":8},"end":{"line":181,"column":null}},"type":"if","locations":[{"start":{"line":179,"column":8},"end":{"line":181,"column":null}},{"start":{},"end":{}}],"line":179},"17":{"loc":{"start":{"line":183,"column":8},"end":{"line":184,"column":null}},"type":"if","locations":[{"start":{"line":183,"column":8},"end":{"line":184,"column":null}},{"start":{},"end":{}}],"line":183},"18":{"loc":{"start":{"line":187,"column":6},"end":{"line":188,"column":null}},"type":"if","locations":[{"start":{"line":187,"column":6},"end":{"line":188,"column":null}},{"start":{},"end":{}}],"line":187},"19":{"loc":{"start":{"line":187,"column":10},"end":{"line":187,"colu
[...]
":1,"181":1,"182":1,"183":81,"184":76,"185":76,"186":1,"187":1020,"188":8,"189":1012,"190":1012,"191":1012,"192":1012,"193":1012,"194":1012,"195":1012,"196":1012,"197":1012,"198":1012,"199":1012,"200":1012,"201":4048,"202":4048,"203":3824,"204":224,"205":224,"206":224,"207":380,"208":224,"209":211,"210":13,"211":13,"212":13,"213":15,"214":15,"215":15,"216":15,"217":13,"218":13,"219":1012,"220":1012,"221":1012,"222":1012,"223":5,"224":5,"225":1007,"226":1007,"227":3,"228":1007,"229":1007,"230":1007,"231":1007,"232":1007,"233":1007,"234":1007,"235":1007,"236":1007,"237":1007,"238":1020,"239":1020,"240":1020,"241":913,"242":1,"243":912,"244":912,"245":912,"246":912,"247":912,"248":912,"249":912,"250":912,"251":912,"252":912,"253":11,"254":11,"255":912,"256":912,"257":912,"258":912,"259":912,"260":912,"261":913,"262":913,"263":4807,"264":4807,"265":4807,"266":4807,"267":4807,"268":4807,"269":4807,"270":4807,"271":4807,"272":4807,"273":4807,"274":4807,"275":4807,"276":4807,"277":4807,"278":8215,"279":8215,"280":8215,"281":8215,"282":8215,"283":8215,"284":8215,"285":32860,"286":32860,"287":3574,"288":29286,"289":29286,"290":19375,"291":19051,"292":19051,"293":9911,"294":3408,"295":3408,"296":3408,"297":4807,"298":4807,"299":23,"300":23,"301":23,"302":2266,"303":2266,"304":2266,"305":2005,"306":261,"307":261,"308":261,"309":345,"310":254,"311":254,"312":261,"313":7,"314":16,"315":1014,"316":1011,"317":3,"318":3,"319":3,"320":3,"321":3,"322":3,"323":15,"324":12,"325":3,"326":6,"327":6,"328":6,"329":6,"330":1,"331":1,"332":6,"333":6,"334":102,"335":102,"336":102,"337":72,"338":102,"339":1014,"340":1014,"341":1014,"342":1014,"343":1014,"344":1014,"345":4020,"346":4020,"347":4020,"348":4020,"349":4020,"350":4020,"351":139,"352":139,"353":139,"354":4020,"355":4020,"356":4020,"357":384,"358":384,"359":384,"360":4020,"361":14,"362":1000,"363":9,"364":81,"365":81,"366":81,"367":79,"368":2,"369":77,"370":77,"371":3,"372":74,"373":74,"374":1,"375":73,"376":73,"377":73,"378":5,"379":68,"380":23,"381":23,"382":23,"383":5,"384":18,"385":18,"386":18,"387":18,"388":61,"389":61,"390":61,"391":2,"392":59,"393":1,"394":15},"f":{"0":1924,"1":8,"2":864,"3":864,"4":174,"5":12,"6":6,"7":3,"8":175,"9":6,"10":85,"11":27,"12":30,"13":182,"14":104,"15":2,"16":1020,"17":913,"18":4807,"19":23,"20":1014,"21":15,"22":6,"23":102,"24":1014,"25":9,"26":81,"27":79,"28":23},"b":{"0":[1400,524],"1":[782,82],"2":[782,82],"3":[782,82],"4":[782,82],"5":[16104,864],"6":[16968,3828],"7":[1712,1744],"8":[3456,3456,2472,2272],"9":[166,8],"10":[4,8],"11":[2,4],"12":[1,2],"13":[175],"14":[1,174],"15":[174,172],"16":[175,172],"17":[26],"18":[26],"19":[1,25],"20":[1,209],"21":[1742,131],"22":[1873,132],"23":[87,44],"24":[131,46,45,45],"25":[43,1],"26":[44,3,2,1],"27":[5,80],"28":[85,82,82,82],"29":[2,25],"30":[30,29],"31":[179,3],"32":[1,103],"33":[101,166],"34":[267,102],"35":[1,1],"36":[76,5],"37":[81,76],"38":[8,1012],"39":[1020,1019,1018,1018,1014],"40":[3824,224],"41":[4048,3629,224],"42":[211,13],"43":[5,1007],"44":[1012,7],"45":[3,1004],"46":[1007,994,10,10],"47":[13,994],"48":[1,912],"49":[238,674],"50":[238,674],"51":[3574,29286],"52":[19375,9911],"53":[19051,324],"54":[3408,6503],"55":[9911,6834],"56":[2005,261],"57":[254,91],"58":[7,254],"59":[1011,3],"60":[12,3],"61":[33,69],"62":[4020,4159,4126,3870,3847],"63":[4020,3806,3806,3362,3350],"64":[14,4006],"65":[6,3],"66":[2,77],"67":[3,74],"68":[77,75],"69":[1,73],"70":[5,68],"71":[73,70,69],"72":[5,18],"73":[2,59],"74":[1,58]},"meta":{"lastBranch":75,"lastFunction":29,"lastStatement":395,"seen":{"s:1:21:1:Infinity":0,"s:2:21:2:Infinity":1,"s:3:21:3:Infinity":2,"s:29:24:29:52":3,"s:30:19:30:47":4,"f:32:9:32:21":0,"s:33:2:33:Infinity":5,"b:33:28:33:36:33:36:33:Infinity":0,"f:36:9:36:25":1,"s:37:15:37:Infinity":6,"s:38:21:38:45":7,"s:39:2:39:Infinity":8,"s:40:13:40:33":9,"s:41:13:41:33":10,"s:42:21:42:41":11,"s:43:18:43:Infinity":12,"s:45:35:45:73":13,"f:45:62:45:70":2,"s:45:70:45:72":14,"s:46:36:46:74":15,"f:46:63:46:71":3,"s:46:71:46:73":16,"s:47:28:47:30":17,"s:48:20:48:Infinity":18,"s:50:2:65:Infinity":19,"s:50:15:50:18":20,"s:51:4:65:Infinity":21,"s:51:17:51:20":22,"s:52:20:52:Infinity":23,"s:53:6:53:Infinity":24,"s:54:6:54:Infinity":25,"s:55:6:55:Infinity":26,"b:55:38:55:50:55:50:55:Infinity":1,"s:56:6:56:Infinity":27,"b:56:49:56:61:56:61:56:Infinity":2,"s:57:6:57:Infinity":28,"b:57:42:57:57:57:57:57:Infinity":3,"s:58:6:58:Infinity":29,"b:58:49:58:64:58:64:58:Infinity":4,"s:59:24:59:67":30,"s:60:6:60:Infinity":31,"s:62:6:65:Infinity":32,"s:62:20:62:38":33,"s:63:8:65:Infinity":34,"s:63:22:63:40":35,"b:64:10:65:Infinity:undefined:undefined:undefined:undefined":5,"s:64:10:65:Infinity":36,"b:64:14:64:26:64:26:64:36":6,"s:65:12:65:Infinity":37,"s:72:21:77:Infinity":38,"s:79:2:95:Infinity":39,"s:79:15:79:18":40,"s:80:4:95:Infinity":41,"s:80:17:80:20":42,"s:81:6:95:Infinity":43,"s:81:21:81:24":44,"s:82:19:82:Infinity":45,"s:83:19:83:Infinity":46,"s:84:21:84:Infinity":47,"s:85:21:85:Infinity":48,"b:86:8:87:Infinity:undefined:undefined:undefined:undefined":7,"s:86:8:87:Infinity":49,"b:86:12:86:24:86:24:86:40:86:40:86:52:86:52:86:66":8,"s:87:10:87:Infinity":50,"s:89:28:89:Infinity":51,"s:90:8:93:Infinity":52,"s:90:24:90:27":53,"s:91:16:91:Infinity":54,"s:92:10:92:Infinity":55,"s:93:10:93:Infinity":56,"s:95:8:95:Infinity":57,"s:100:19:100:Infinity":58,"s:101:28:101:Infinity":59,"s:102:23:102:48":60,"s:103:32:103:57":61,"s:104:2:108:Infinity":62,"s:104:15:104:18":63,"s:105:4:105:Infinity":64,"s:106:4:106:Infinity":65,"s:107:4:107:Infinity":66,"s:108:4:108:Infinity":67,"s:110:2:110:Infinity":68,"s:111:2:111:Infinity":69,"s:113:16:113:42":70,"s:114:25:114:60":71,"s:115:2:117:Infinity":72,"s:115:15:115:18":73,"s:116:4:116:Infinity":74,"s:117:4:117:Infinity":75,"s:120:2:133:Infinity":76,"f:136:9:136:22":4,"s:137:17:137:37":77,"b:138:2:139:Infinity:undefined:undefined:undefined:undefined":9,"s:138:2:139:Infinity":78,"s:139:4:139:Infinity":79,"s:141:18:141:39":80,"s:142:2:142:Infinity":81,"s:143:2:143:Infinity":82,"f:146:9:146:24":5,"s:147:19:147:Infinity":83,"b:147:42:147:46:147:46:147:Infinity":10,"s:148:2:149:Infinity":84,"s:149:4:149:Infinity":85,"s:151:15:151:41":86,"s:152:2:152:Infinity":87,"s:153:2:153:Infinity":88,"f:156:9:156:24":6,"s:157:19:157:Infinity":89,"b:157:42:157:46:157:46:157:Infinity":11,"s:158:2:159:Infinity":90,"s:159:4:159:Infinity":91,"s:161:15:161:41":92,"s:162:2:162:Infinity":93,"s:163:2:163:Infinity":94,"f:166:9:166:24":7,"s:167:19:167:Infinity":95,"b:167:42:167:46:167:46:167:Infinity":12,"s:168:2:169:Infinity":96,"s:169:4:169:Infinity":97,"s:171:15:171:41":98,"s:172:2:172:Infinity":99,"s:173:2:173:Infinity":100,"s:182:19:182:Infinity":101,"s:183:17:183:Infinity":102,"s:184:12:184:Infinity":103,"s:185:8:185:Infinity":104,"s:186:15:186:Infinity":105,"s:187:13:187:Infinity":106,"s:188:22:188:Infinity":107,"s:197:23:197:Infinity":108,"s:204:28:204:Infinity":109,"s:205:25:205:Infinity":110,"s:206:31:206:Infinity":111,"s:208:18:208:Infinity":112,"f:210:2:210:14":8,"b:210:62:210:64":13,"b:211:4:212:Infinity:undefined:undefined:undefined:undefined":14,"s:211:4:212:Infinity":113,"s:212:6:212:Infinity":114,"s:214:4:214:Infinity":115,"s:215:4:215:Infinity":116,"s:216:4:216:Infinity":117,"s:217:4:217:Infinity":118,"s:219:28:219:77":119,"b:219:40:219:67:219:67:219:77":15,"s:220:28:220:77":120,"b:220:40:220:67:220:67:220:77":16,"s:221:4:221:Infinity":121,"s:222:4:222:Infinity":122,"s:223:4:223:Infinity":123,"s:224:4:224:Infinity":124,"s:225:4:225:Infinity":125,"s:226:4:226:Infinity":126,"s:227:4:227:Infinity":127,"s:229:4:229:Infinity":128,"s:230:4:230:Infinity":129,"s:231:4:231:Infinity":130,"s:232:4:232:Infinity":131,"s:233:4:233:Infinity":132,"f:236:9:236:19":9,"b:236:52:236:59":17,"b:236:86:236:88":18,"s:237:17:237:Infinity":133,"b:238:4:239:Infinity:undefined:undefined:undefined:undefined":19,"s:238:4:239:Infinity":134,"s:239:6:239:Infinity":135,"s:241:21:241:69":136,"s:242:4:242:Infinity":137,"s:244:4:265:Infinity":138,"s:244:17:244:20":139,"s:245:18:245:Infinity":140,"b:246:6:247:Infinity:undefined:undefined:undefined:undefined":20,"s:246:6:247:Infinity":141,"s:247:8:247:Infinity":142,"s:249:6:265:Infinity":143,"s:249:19:249:22":144,"s:250:23:250:Infinity":145,"s:251:22:251:Infinity":146,"b:252:8:253:Infinity:undefined:undefined:undefined:undefined":21,"s:252:8:253:Infinity":147,"b:252:12:252:30:252:30:252:46":22,"s:253:10:253:Infinity":148,"b:255:8:258:Infinity:undefined:undefined:undefined:undefined":23,"s:255:8:258:Infinity":149,"b:255:12:255:30:255:30:255:48:255:48:255:66:255:66:255:82":24,"s:256:10:256:Infinity":150,"s:257:10:257:Infinity":151,"s:258:10:258:Infinity":152,"b:260:8:263:Infinity:undefined:undefined:undefined:undefined":25,"s:260:8:263:Infinity":153,"b:260:12:260:30:260:30:260:48:260:48:260:66:260:66:260:82":26,"s:261:10:261:Infinity":154,"s:262:10:262:Infinity":155,"s:263:10:263:Infinity":156,"s:265:8:265:Infinity":157,"s:269:4:269:Infinity":158,"s:270:4:270:Infinity":159,"f:273:2:273:8":10,"b:274:4:275:Infinity:undefined:undefined:undefined:undefined":27,"s:274:4:275:Infinity":160,"b:274:8:274:17:274:17:274:35:274:35:274:44:274:44:274:60":28,"s:275:6:275:Infinity":161,"s:277:4:277:Infinity":162,"f:280:2:280:5":11,"s:281:18:281:34":163,"s:282:4:282:Infinity":164,"b:282:26:282:35:282:35:282:Infinity":29,"f:285:2:285:9":12,"s:286:18:286:34":165,"s:287:4:287:Infinity":166,"b:287:11:287:27:287:27:287:43":30,"f:290:2:290:10":13,"s:291:18:291:34":167,"b:292:4:293:Infinity:undefined:undefined:undefined:undefined":31,"s:292:4:293:Infinity":168,"s:293:6:293:Infinity":169,"s:295:4:295:Infinity":170,"f:298:2:298:29":14,"b:299:4:300:Infinity:undefined:undefined:undefined:undefined":32,"s:299:4:300:Infinity":171,"s:300:6:300:Infinity":172,"s:302:4:304:Infinity":173,"s:302:21:302:24":174,"b:303:6:304:Infinity:undefined:undefined:undefined:undefined":33,"s:303:6:304:Infinity":175,"b:303:10:303:41:303:41:303:60":34,"s:304:8:304:Infinity":176,"s:307:4:307:Infinity":177,"f:310:2:310:24":15,"b:311:4:312:Infinity:undefined:undefined:undefined:undefined":35,"s:311:4:312:Infinity":178,"s:312:6:312:Infinity":179,"s:314:16:314:Infinity":180,"s:315:4:318:Infinity":181,"s:315:21:315:24":182,"b:316:6:318:Infinity:undefined:undefined:undefined:undefined":36,"s:316:6:318:Infinity":183,"b:316:10:316:41:316:41:316:60":37,"s:317:8:317:Infinity":184,"s:318:8:318:Infinity":185,"s:321:4:321:Infinity":186,"f:324:2:324:7":16,"b:325:4:332:Infinity:undefined:undefined:undefined:undefined":38,"s:325:4:332:Infinity":187,"b:326:6:326:Infinity:327:6:327:Infinity:328:6:328:Infinity:329:6:329:Infinity:330:6:330:Infinity":39,"s:332:6:332:Infinity":188,"s:335:4:335:Infinity":189,"s:336:19:336:Infinity":190,"s:337:21:337:40":191,"s:338:25:338:Infinity":192,"s:339:24:339:Infinity":193,"s:341:4:341:Infinity":194,"s:342:4:342:Infinity":195,"s:344:22:344:Infinity":196,"s:345:25:345:Infinity":197,"s:346:4:346:Infinity":198,"s:348:4:368:Infinity":199,"s:348:22:348:25":200,"s:349:23:349:Infinity":201,"b:350:6:351:Infinity:undefined:undefined:undefined:undefined":40,"s:350:6:351:Infinity":202,"b:350:10:350:29:350:29:350:66:350:66:350:129":41,"s:351:8:351:Infinity":203,"s:353:24:353:58":204,"s:354:6:355:Infinity":205,"s:354:28:354:31":206,"s:355:8:355:Infinity":207,"b:357:6:358:Infinity:undefined:undefined:undefined:undefined":42,"s:357:6:358:Infinity":208,"s:358:8:358:Infinity":209,"s:360:6:360:Infinity":210,"s:361:6:365:Infinity":211,"s:361:28:361:31":212,"s:362:22:362:Infinity":213,"s:363:8:363:Infinity":214,"s:364:8:364:Infinity":215,"s:365:8:365:Infinity":216,"s:367:6:367:Infinity":217,"s:368:6:368:Infinity":218,"s:371:21:371:54":219,"s:372:25:372:54":220,"s:373:25:373:Infinity":221,"b:374:4:376:Infinity:undefined:undefined:undefined:undefined":43,"s:374:4:376:Infinity":222,"b:374:8:374:30:374:30:374:41":44,"s:375:6:375:Infinity":223,"s:376:6:376:Infinity":224,"s:379:17:379:Infinity":225,"b:380:4:381:Infinity:undefined:undefined:undefined:undefined":45,"s:380:4:381:Infinity":226,"b:380:8:380:21:380:21:380:44:380:44:380:66:380:66:380:86":46,"s:381:6:381:Infinity":227,"s:384:4:384:Infinity":228,"s:385:4:385:Infinity":229,"s:386:4:386:Infinity":230,"s:387:4:387:Infinity":231,"s:388:4:388:Infinity":232,"s:389:4:389:Infinity":233,"s:390:4:390:Infinity":234,"s:392:4:392:Infinity":235,"s:393:4:393:Infinity":236,"s:394:4:394:Infinity":237,"b:394:29:394:38:394:38:394:Infinity":47,"s:395:4:395:Infinity":238,"s:396:4:396:Infinity":239,"s:397:4:397:Infinity":240,"f:400:2:400:18":17,"b:401:4:402:Infinity:undefined:undefined:undefined:undefined":48,"s:401:4:402:Infinity":241,"s:402:6:402:Infinity":242,"s:404:4:404:Infinity":243,"s:405:18:405:Infinity":244,"s:406:19:406:Infinity":245,"s:407:21:407:40":246,"s:408:25:408:Infinity":247,"s:409:25:409:Infinity":248,"s:411:4:411:Infinity":249,"s:412:4:412:Infinity":250,"s:413:4:415:Infinity":251,"s:413:17:413:20":252,"s:414:20:414:Infinity":253,"s:415:6:415:Infinity":254,"s:417:4:417:Infinity":255,"s:418:4:418:Infinity":256,"s:419:4:419:Infinity":257,"s:420:4:420:Infinity":258,"s:421:4:421:Infinity":259,"s:422:4:422:Infinity":260,"b:422:37:422:42:422:42:422:Infinity":49,"s:423:4:423:Infinity":261,"b:423:46:423:50:423:50:423:Infinity":50,"s:424:4:424:Infinity":262,"f:427:2:427:12":18,"s:428:4:428:Infinity":263,"s:429:4:429:Infinity":264,"s:430:23:430:Infinity":265,"s:431:25:431:Infinity":266,"s:432:18:432:Infinity":267,"s:433:19:433:Infinity":268,"s:434:18:434:Infinity":269,"s:435:22:435:Infinity":270,"s:437:20:437:Infinity":271,"s:438:21:438:Infinity":272,"s:439:20:439:Infinity":273,"s:441:4:441:Infinity":274,"s:442:4:442:Infinity":275,"s:443:4:443:Infinity":276,"s:445:4:466:Infinity":277,"s:446:6:446:Infinity":278,"s:447:20:447:Infinity":279,"s:448:6:448:Infinity":280,"s:449:6:449:Infinity":281,"s:451:27:451:Infinity":282,"s:452:6:466:Infinity":283,"s:452:24:452:27":284,"s:453:25:453:Infinity":285,"b:454:8:455:Infinity:undefined:undefined:undefined:undefined":51,"s:454:8:455:Infinity":286,"s:455:10:455:Infinity":287,"s:457:21:457:Infinity":288,"b:458:8:466:Infinity:463:19:466:Infinity":52,"s:458:8:466:Infinity":289,"b:459:10:461:Infinity:undefined:undefined:undefined:undefined":53,"s:459:10:461:Infinity":290,"s:460:12:460:Infinity":291,"s:461:12:461:Infinity":292,"b:463:19:466:Infinity:undefined:undefined:undefined:undefined":54,"s:463:19:466:Infinity":293,"b:463:19:463:37:463:37:463:84":55,"s:464:10:464:Infinity":294,"s:465:10:465:Infinity":295,"s:466:10:466:Infinity":296,"s:471:4:471:Infinity":297,"s:472:4:472:Infinity":298,"f:475:2:475:31":19,"s:476:20:476:Infinity":299,"s:477:4:491:Infinity":300,"s:477:27:477:30":301,"s:478:19:478:Infinity":302,"s:479:20:479:Infinity":303,"b:480:6:481:Infinity:undefined:undefined:undefined:undefined":56,"s:480:6:481:Infinity":304,"s:481:8:481:Infinity":305,"s:483:21:483:Infinity":306,"s:484:6:487:Infinity":307,"s:484:22:484:25":308,"b:485:8:487:Infinity:undefined:undefined:undefined:undefined":57,"s:485:8:487:Infinity":309,"s:486:10:486:Infinity":310,"s:487:10:487:Infinity":311,"b:490:6:491:Infinity:undefined:undefined:undefined:undefined":58,"s:490:6:491:Infinity":312,"s:491:8:491:Infinity":313,"s:494:4:494:Infinity":314,"f:497:2:497:10":20,"b:498:4:499:Infinity:undefined:undefined:undefined:undefined":59,"s:498:4:499:Infinity":315,"s:499:6:499:Infinity":316,"s:501:4:501:Infinity":317,"s:502:4:502:Infinity":318,"s:503:4:503:Infinity":319,"s:504:4:504:Infinity":320,"s:505:4:505:Infinity":321,"s:506:4:506:Infinity":322,"f:509:2:509:10":21,"b:510:4:511:Infinity:undefined:undefined:undefined:undefined":60,"s:510:4:511:Infinity":323,"s:511:6:511:Infinity":324,"s:513:4:513:Infinity":325,"f:516:2:516:10":22,"s:517:4:517:Infinity":326,"s:518:4:518:Infinity":327,"s:519:4:521:Infinity":328,"s:519:17:519:31":329,"s:520:20:520:Infinity":330,"s:521:6:521:Infinity":331,"s:523:4:523:Infinity":332,"s:524:4:524:Infinity":333,"f:527:2:527:23":23,"s:528:28:528:30":334,"s:529:4:530:Infinity":335,"s:529:17:529:20":336,"s:530:6:530:Infinity":337,"s:532:4:532:Infinity":338,"b:532:46:532:67:532:70:532:Infinity":61,"f:535:2:535:10":24,"s:536:14:536:Infinity":339,"s:537:14:537:Infinity":340,"s:538:17:538:Infinity":341,"s:540:23:545:Infinity":342,"s:547:4:569:Infinity":343,"s:547:30:547:33":344,"s:548:17:548:Infinity":345,"s:549:17:549:Infinity":346,"s:550:18:550:Infinity":347,"s:552:15:552:Infinity":348,"s:553:15:553:Infinity":349,"s:554:6:557:Infinity":350,"b:554:13:554:24:554:24:554:37:554:37:554:48:554:48:554:61:554:61:554:99":62,"s:555:8:555:Infinity":351,"s:556:8:556:Infinity":352,"s:557:8:557:Infinity":353,"s:560:6:560:Infinity":354,"s:561:6:561:Infinity":355,"s:562:6:565:Infinity":356,"b:562:13:562:24:562:24:562:37:562:37:562:48:562:48:562:61:562:61:562:99":63,"s:563:8:563:Infinity":357,"s:564:8:564:Infinity":358,"s:565:8:565:Infinity":359,"b:568:6:569:Infinity:undefined:undefined:undefined:undefined":64,"s:568:6:569:Infinity":360,"s:569:8:569:Infinity":361,"s:573:4:573:Infinity":362,"f:577:16:577:27":25,"s:578:2:578:Infinity":363,"b:578:28:578:38:578:38:578:Infinity":65,"f:581:16:581:27":26,"s:582:12:582:Infinity":364,"s:583:12:583:Infinity":365,"s:584:2:584:Infinity":366,"f:587:16:587:27":27,"b:588:2:589:Infinity:undefined:undefined:undefined:undefined":66,"s:588:2:589:Infinity":367,"s:589:4:589:Infinity":368,"s:591:18:591:39":369,"b:592:2:593:Infinity:undefined:undefined:undefined:undefined":67,"s:592:2:593:Infinity":370,"b:592:6:592:23:592:23:592:38":68,"s:593:4:593:Infinity":371,"s:595:17:595:30":372,"b:596:2:597:Infinity:undefined:undefined:undefined:undefined":69,"s:596:2:597:Infinity":373,"s:597:4:597:Infinity":374,"s:599:12:599:53":375,"s:600:12:600:Infinity":376,"b:601:2:602:Infinity:undefined:undefined:undefined:undefined":70,"s:601:2:602:Infinity":377,"b:601:6:601:19:601:19:601:28:601:28:601:39":71,"s:602:4:602:Infinity":378,"s:604:2:604:Infinity":379,"f:607:16:607:27":28,"s:608:16:608:43":380,"s:609:20:609:Infinity":381,"b:610:2:611:Infinity:undefined:undefined:undefined:undefined":72,"s:610:2:611:Infinity":382,"s:611:4:611:Infinity":383,"s:613:15:613:47":384,"s:614:19:614:41":385,"s:615:2:622:Infinity":386,"s:615:15:615:18":387,"s:616:20:616:Infinity":388,"s:617:18:617:43":389,"b:618:4:619:Infinity:undefined:undefined:undefined:undefined":73,"s:618:4:619:Infinity":390,"s:619:6:619:Infinity":391,"b:621:4:622:Infinity:undefined:undefined:undefined:undefined":74,"s:621:4:622:Infinity":392,"s:622:6:622:Infinity":393,"s:625:2:625:Infinity":394}}}
,"/home/runner/work/go-gomoku/go-gomoku/src/worker/ai-worker.ts": {"path":"/home/runner/work/go-gomoku/go-gomoku/src/worker/ai-worker.ts","statementMap":{"0":{"start":{"line":20,"column":8},"end":{"line":20,"column":47}},"1":{"start":{"line":21,"column":13},"end":{"line":25,"column":4}},"2":{"start":{"line":26,"column":17},"end":{"line":26,"column":60}},"3":{"start":{"line":27,"column":2},"end":{"line":33,"column":null}},"4":{"start":{"line":42,"column":2},"end":{"line":43,"column":null}},"5":{"start":{"line":43,"column":4},"end":{"line":43,"column":null}},"6":{"start":{"line":48,"column":0},"end":{"line":48,"column":null}}},"fnMap":{"0":{"name":"handleAIRequest","decl":{"start":{"line":19,"column":16},"end":{"line":19,"column":32}},"loc":{"start":{"line":19,"column":61},"end":{"line":33,"column":null}},"line":19},"1":{"name":"setupWorkerHandler","decl":{"start":{"line":41,"column":16},"end":{"line":41,"column":35}},"loc":{"start":{"line":41,"column":61},"end":{"line":43,"column":null}},"line":41},"2":{"name":"(anonymous_2)","decl":{"start":{"line":42,"column":8},"end":{"line":42,"column":21}},"loc":{"start":{"line":42,"column":56},"end":{"line":43,"column":null}},"line":42}},"branchMap":{},"s":{"0":4,"1":4,"2":4,"3":4,"4":2,"5":1,"6":1},"f":{"0":4,"1":2,"2":1},"b":{},"meta":{"lastBranch":0,"lastFunction":3,"lastStatement":7,"seen":{"f:19:16:19:32":0,"s:20:8:20:47":0,"s:21:13:25:4":1,"s:26:17:26:60":2,"s:27:2:33:Infinity":3,"f:41:16:41:35":1,"s:42:2:43:Infinity":4,"f:42:8:42:21":2,"s:43:4:43:Infinity":5,"s:48:0:48:Infinity":6}}}
}
